Log file open, 02/15/18 11:04:38
LogWindows: Failed to load 'aqProf.dll' (GetLastError=126)
LogWindows: File 'aqProf.dll' does not exist
LogWindows: Failed to load 'VSPerf140.dll' (GetLastError=126)
LogWindows: File 'VSPerf140.dll' does not exist
LogWindows: Failed to load 'VtuneApi.dll' (GetLastError=126)
LogWindows: File 'VtuneApi.dll' does not exist
LogWindows: Failed to load 'VtuneApi32e.dll' (GetLastError=126)
LogWindows: File 'VtuneApi32e.dll' does not exist
LogInit: Display: Running engine for game: Mech_Animation
LogPlatformFile: Not using cached read wrapper
LogInit: Display: RandInit(611363283) SRandInit(611363283).
LogInit: Read version file with build ID '3709383'
LogInit: Overriding engine version to CL 3832480, compatible CL 3709383
LogInit: Registered custom module enumerator with build ID '3709383'
LogTaskGraph: Started task graph with 5 named threads and 53 total threads with 3 sets of task threads.
LogStats: Stats thread started at 0.604359
LogD3D11RHI: Aftermath initialized
LogModuleManager: Display: Found up-to-date module file ../../../Engine/Plugins/2D/Paper2D/Binaries/Win64/UE4Editor-Paper2D.dll (API version 3709383).
LogModuleManager: Display: Found up-to-date module file ../../../Engine/Plugins/2D/Paper2D/Binaries/Win64/UE4Editor-Paper2DEditor.dll (API version 3709383).
LogModuleManager: Display: Found up-to-date module file ../../../Engine/Plugins/2D/Paper2D/Binaries/Win64/UE4Editor-PaperSpriteSheetImporter.dll (API version 3709383).
LogModuleManager: Display: Found up-to-date module file ../../../Engine/Plugins/2D/Paper2D/Binaries/Win64/UE4Editor-PaperTiledImporter.dll (API version 3709383).
LogModuleManager: Display: Found up-to-date module file ../../../Engine/Plugins/2D/Paper2D/Binaries/Win64/UE4Editor-SmartSnapping.dll (API version 3709383).
LogModuleManager: Display: Found up-to-date module file ../../../Engine/Plugins/Blendables/LightPropagationVolume/Binaries/Win64/UE4Editor-LightPropagationVolumeRuntime.dll (API version 3709383).
LogModuleManager: Display: Found up-to-date module file ../../../Engine/Plugins/Blendables/LightPropagationVolume/Binaries/Win64/UE4Editor-LightPropagationVolumeEditor.dll (API version 3709383).
LogModuleManager: Display: Found up-to-date module file ../../../Engine/Plugins/Developer/GitSourceControl/Binaries/Win64/UE4Editor-GitSourceControl.dll (API version 3709383).
LogModuleManager: Display: Found up-to-date module file ../../../Engine/Plugins/Developer/PerforceSourceControl/Binaries/Win64/UE4Editor-PerforceSourceControl.dll (API version 3709383).
LogModuleManager: Display: Found up-to-date module file ../../../Engine/Plugins/Developer/SubversionSourceControl/Binaries/Win64/UE4Editor-SubversionSourceControl.dll (API version 3709383).
LogModuleManager: Display: Found up-to-date module file ../../../Engine/Plugins/Developer/UObjectPlugin/Binaries/Win64/UE4Editor-UObjectPlugin.dll (API version 3709383).
LogModuleManager: Display: Found up-to-date module file ../../../Engine/Plugins/Developer/VisualStudioCodeSourceCodeAccess/Binaries/Win64/UE4Editor-VisualStudioCodeSourceCodeAccess.dll (API version 3709383).
LogModuleManager: Display: Found up-to-date module file ../../../Engine/Plugins/Developer/VisualStudioSourceCodeAccess/Binaries/Win64/UE4Editor-VisualStudioSourceCodeAccess.dll (API version 3709383).
LogModuleManager: Display: Found up-to-date module file ../../../Engine/Plugins/Editor/AssetManagerEditor/Binaries/Win64/UE4Editor-AssetManagerEditor.dll (API version 3709383).
LogModuleManager: Display: Found up-to-date module file ../../../Engine/Plugins/Editor/AudioCapture/Binaries/Win64/UE4Editor-AudioCapture.dll (API version 3709383).
LogModuleManager: Display: Found up-to-date module file ../../../Engine/Plugins/Editor/FacialAnimation/Binaries/Win64/UE4Editor-FacialAnimation.dll (API version 3709383).
LogModuleManager: Display: Found up-to-date module file ../../../Engine/Plugins/Editor/FacialAnimation/Binaries/Win64/UE4Editor-FacialAnimationEditor.dll (API version 3709383).
LogModuleManager: Display: Found up-to-date module file ../../../Engine/Plugins/Editor/GameplayTagsEditor/Binaries/Win64/UE4Editor-GameplayTagsEditor.dll (API version 3709383).
LogModuleManager: Display: Found up-to-date module file ../../../Engine/Plugins/Editor/MobileLauncherProfileWizard/Binaries/Win64/UE4Editor-MobileLauncherProfileWizard.dll (API version 3709383).
LogModuleManager: Display: Found up-to-date module file ../../../Engine/Plugins/Editor/PluginBrowser/Binaries/Win64/UE4Editor-PluginBrowser.dll (API version 3709383).
LogModuleManager: Display: Found up-to-date module file ../../../Engine/Plugins/Editor/SpeedTreeImporter/Binaries/Win64/UE4Editor-SpeedTreeImporter.dll (API version 3709383).
LogModuleManager: Display: Found up-to-date module file ../../../Engine/Plugins/Experimental/AlembicImporter/Binaries/Win64/UE4Editor-AlembicImporter.dll (API version 3709383).
LogModuleManager: Display: Found up-to-date module file ../../../Engine/Plugins/Experimental/AlembicImporter/Binaries/Win64/UE4Editor-AlembicLibrary.dll (API version 3709383).
LogModuleManager: Display: Found up-to-date module file ../../../Engine/Plugins/Experimental/CharacterAI/Binaries/Win64/UE4Editor-CharacterAI.dll (API version 3709383).
LogModuleManager: Display: Found up-to-date module file ../../../Engine/Plugins/Experimental/HTML5Networking/Binaries/Win64/UE4Editor-HTML5Networking.dll (API version 3709383).
LogModuleManager: Display: Found up-to-date module file ../../../Engine/Plugins/Media/AndroidMedia/Binaries/Win64/UE4Editor-AndroidMediaEditor.dll (API version 3709383).
LogModuleManager: Display: Found up-to-date module file ../../../Engine/Plugins/Media/AndroidMedia/Binaries/Win64/UE4Editor-AndroidMediaFactory.dll (API version 3709383).
LogModuleManager: Display: Found up-to-date module file ../../../Engine/Plugins/Media/AvfMedia/Binaries/Win64/UE4Editor-AvfMediaEditor.dll (API version 3709383).
LogModuleManager: Display: Found up-to-date module file ../../../Engine/Plugins/Media/AvfMedia/Binaries/Win64/UE4Editor-AvfMediaFactory.dll (API version 3709383).
LogModuleManager: Display: Found up-to-date module file ../../../Engine/Plugins/Media/AvfMedia/Binaries/Win64/UE4Editor-AvfMediaFactory.dll (API version 3709383).
LogModuleManager: Display: Found up-to-date module file ../../../Engine/Plugins/Media/ImgMedia/Binaries/Win64/UE4Editor-ImgMedia.dll (API version 3709383).
LogModuleManager: Display: Found up-to-date module file ../../../Engine/Plugins/Media/ImgMedia/Binaries/Win64/UE4Editor-ImgMediaEditor.dll (API version 3709383).
LogModuleManager: Display: Found up-to-date module file ../../../Engine/Plugins/Media/ImgMedia/Binaries/Win64/UE4Editor-ImgMediaFactory.dll (API version 3709383).
LogModuleManager: Display: Found up-to-date module file ../../../Engine/Plugins/Media/ImgMedia/Binaries/Win64/UE4Editor-ImgMediaFactory.dll (API version 3709383).
LogModuleManager: Display: Found up-to-date module file ../../../Engine/Plugins/Media/ImgMedia/Binaries/Win64/UE4Editor-OpenExrWrapper.dll (API version 3709383).
LogModuleManager: Display: Found up-to-date module file ../../../Engine/Plugins/Media/MediaCompositing/Binaries/Win64/UE4Editor-MediaCompositing.dll (API version 3709383).
LogModuleManager: Display: Found up-to-date module file ../../../Engine/Plugins/Media/MediaCompositing/Binaries/Win64/UE4Editor-MediaCompositingEditor.dll (API version 3709383).
LogModuleManager: Display: Found up-to-date module file ../../../Engine/Plugins/Media/MediaPlayerEditor/Binaries/Win64/UE4Editor-MediaPlayerEditor.dll (API version 3709383).
LogModuleManager: Display: Found up-to-date module file ../../../Engine/Plugins/Media/WmfMedia/Binaries/Win64/UE4Editor-WmfMedia.dll (API version 3709383).
LogModuleManager: Display: Found up-to-date module file ../../../Engine/Plugins/Media/WmfMedia/Binaries/Win64/UE4Editor-WmfMediaEditor.dll (API version 3709383).
LogModuleManager: Display: Found up-to-date module file ../../../Engine/Plugins/Media/WmfMedia/Binaries/Win64/UE4Editor-WmfMediaFactory.dll (API version 3709383).
LogModuleManager: Display: Found up-to-date module file ../../../Engine/Plugins/Media/WmfMedia/Binaries/Win64/UE4Editor-WmfMediaFactory.dll (API version 3709383).
LogModuleManager: Display: Found up-to-date module file ../../../Engine/Plugins/Messaging/TcpMessaging/Binaries/Win64/UE4Editor-TcpMessaging.dll (API version 3709383).
LogModuleManager: Display: Found up-to-date module file ../../../Engine/Plugins/Messaging/UdpMessaging/Binaries/Win64/UE4Editor-UdpMessaging.dll (API version 3709383).
LogModuleManager: Display: Found up-to-date module file ../../../Engine/Plugins/MovieScene/ActorSequence/Binaries/Win64/UE4Editor-ActorSequence.dll (API version 3709383).
LogModuleManager: Display: Found up-to-date module file ../../../Engine/Plugins/MovieScene/LevelSequenceEditor/Binaries/Win64/UE4Editor-LevelSequenceEditor.dll (API version 3709383).
LogModuleManager: Display: Found up-to-date module file ../../../Engine/Plugins/MovieScene/MatineeToLevelSequence/Binaries/Win64/UE4Editor-MatineeToLevelSequence.dll (API version 3709383).
LogModuleManager: Display: Found up-to-date module file ../../../Engine/Plugins/Online/OnlineSubsystem/Binaries/Win64/UE4Editor-OnlineSubsystem.dll (API version 3709383).
LogModuleManager: Display: Found up-to-date module file ../../../Engine/Plugins/Runtime/AndroidPermission/Binaries/Win64/UE4Editor-AndroidPermission.dll (API version 3709383).
LogModuleManager: Display: Found up-to-date module file ../../../Engine/Plugins/Online/OnlineSubsystemNull/Binaries/Win64/UE4Editor-OnlineSubsystemNull.dll (API version 3709383).
LogModuleManager: Display: Found up-to-date module file ../../../Engine/Plugins/Online/OnlineSubsystemUtils/Binaries/Win64/UE4Editor-OnlineSubsystemUtils.dll (API version 3709383).
LogModuleManager: Display: Found up-to-date module file ../../../Engine/Plugins/Online/OnlineSubsystemUtils/Binaries/Win64/UE4Editor-OnlineBlueprintSupport.dll (API version 3709383).
LogModuleManager: Display: Found up-to-date module file ../../../Engine/Plugins/Runtime/AndroidDeviceProfileSelector/Binaries/Win64/UE4Editor-AndroidDeviceProfileSelector.dll (API version 3709383).
LogModuleManager: Display: Found up-to-date module file ../../../Engine/Plugins/Runtime/AppleARKit/Binaries/Win64/UE4Editor-AppleARKit.dll (API version 3709383).
LogModuleManager: Display: Found up-to-date module file ../../../Engine/Plugins/Runtime/ArchVisCharacter/Binaries/Win64/UE4Editor-ArchVisCharacter.dll (API version 3709383).
LogModuleManager: Display: Found up-to-date module file ../../../Engine/Plugins/Runtime/CableComponent/Binaries/Win64/UE4Editor-CableComponent.dll (API version 3709383).
LogModuleManager: Display: Found up-to-date module file ../../../Engine/Plugins/Runtime/CustomMeshComponent/Binaries/Win64/UE4Editor-CustomMeshComponent.dll (API version 3709383).
LogModuleManager: Display: Found up-to-date module file ../../../Engine/Plugins/Runtime/ExampleDeviceProfileSelector/Binaries/Win64/UE4Editor-ExampleDeviceProfileSelector.dll (API version 3709383).
LogModuleManager: Display: Found up-to-date module file ../../../Engine/Plugins/Runtime/ImmediatePhysics/Binaries/Win64/UE4Editor-ImmediatePhysics.dll (API version 3709383).
LogModuleManager: Display: Found up-to-date module file ../../../Engine/Plugins/Runtime/ImmediatePhysics/Binaries/Win64/UE4Editor-ImmediatePhysicsEditor.dll (API version 3709383).
LogModuleManager: Display: Found up-to-date module file ../../../Engine/Plugins/Runtime/LocationServicesBPLibrary/Binaries/Win64/UE4Editor-LocationServicesBPLibrary.dll (API version 3709383).
LogModuleManager: Display: Found up-to-date module file ../../../Engine/Plugins/Runtime/MobilePatchingUtils/Binaries/Win64/UE4Editor-MobilePatchingUtils.dll (API version 3709383).
LogModuleManager: Display: Found up-to-date module file ../../../Engine/Plugins/Runtime/Oculus/OculusVR/Binaries/Win64/UE4Editor-OculusHMD.dll (API version 3709383).
LogModuleManager: Display: Found up-to-date module file ../../../Engine/Plugins/Runtime/Oculus/OculusVR/Binaries/Win64/UE4Editor-OculusInput.dll (API version 3709383).
LogModuleManager: Display: Found up-to-date module file ../../../Engine/Plugins/Runtime/Oculus/OculusVR/Binaries/Win64/UE4Editor-OculusEditor.dll (API version 3709383).
LogModuleManager: Display: Found up-to-date module file ../../../Engine/Plugins/Runtime/PhysXVehicles/Binaries/Win64/UE4Editor-PhysXVehicles.dll (API version 3709383).
LogModuleManager: Display: Found up-to-date module file ../../../Engine/Plugins/Runtime/PhysXVehicles/Binaries/Win64/UE4Editor-PhysXVehiclesEditor.dll (API version 3709383).
LogModuleManager: Display: Found up-to-date module file ../../../Engine/Plugins/Runtime/ProceduralMeshComponent/Binaries/Win64/UE4Editor-ProceduralMeshComponent.dll (API version 3709383).
LogModuleManager: Display: Found up-to-date module file ../../../Engine/Plugins/Runtime/ProceduralMeshComponent/Binaries/Win64/UE4Editor-ProceduralMeshComponentEditor.dll (API version 3709383).
LogModuleManager: Display: Found up-to-date module file ../../../Engine/Plugins/Runtime/RuntimePhysXCooking/Binaries/Win64/UE4Editor-RuntimePhysXCooking.dll (API version 3709383).
LogModuleManager: Display: Found up-to-date module file ../../../Engine/Plugins/Runtime/Steam/SteamVR/Binaries/Win64/UE4Editor-SteamVR.dll (API version 3709383).
LogModuleManager: Display: Found up-to-date module file ../../../Engine/Plugins/Runtime/Steam/SteamVR/Binaries/Win64/UE4Editor-SteamVRController.dll (API version 3709383).
LogModuleManager: Display: Found up-to-date module file ../../../Engine/Plugins/Runtime/WindowsMoviePlayer/Binaries/Win64/UE4Editor-WindowsMoviePlayer.dll (API version 3709383).
LogPluginManager: Mounting plugin Paper2D
LogPluginManager: Mounting plugin LightPropagationVolume
LogPluginManager: Mounting plugin CodeLiteSourceCodeAccess
LogPluginManager: Mounting plugin GitSourceControl
LogPluginManager: Mounting plugin KDevelopSourceCodeAccess
LogPluginManager: Mounting plugin NullSourceCodeAccess
LogPluginManager: Mounting plugin PerforceSourceControl
LogPluginManager: Mounting plugin SubversionSourceControl
LogPluginManager: Mounting plugin UObjectPlugin
LogPluginManager: Mounting plugin VisualStudioCodeSourceCodeAccess
LogPluginManager: Mounting plugin VisualStudioSourceCodeAccess
LogPluginManager: Mounting plugin XCodeSourceCodeAccess
LogPluginManager: Mounting plugin AssetManagerEditor
LogPluginManager: Mounting plugin AudioCapture
LogPluginManager: Mounting plugin FacialAnimation
LogPluginManager: Mounting plugin GameplayTagsEditor
LogPluginManager: Mounting plugin MobileLauncherProfileWizard
LogPluginManager: Mounting plugin PluginBrowser
LogPluginManager: Mounting plugin SpeedTreeImporter
LogPluginManager: Mounting plugin AlembicImporter
LogPluginManager: Mounting plugin CharacterAI
LogPluginManager: Mounting plugin HTML5Networking
LogPluginManager: Mounting plugin AndroidMedia
LogPluginManager: Mounting plugin AvfMedia
LogPluginManager: Mounting plugin ImgMedia
LogPluginManager: Mounting plugin MediaCompositing
LogPluginManager: Mounting plugin MediaPlayerEditor
LogPluginManager: Mounting plugin WmfMedia
LogPluginManager: Mounting plugin TcpMessaging
LogPluginManager: Mounting plugin UdpMessaging
LogPluginManager: Mounting plugin ActorSequence
LogPluginManager: Mounting plugin LevelSequenceEditor
LogPluginManager: Mounting plugin MatineeToLevelSequence
LogPluginManager: Mounting plugin OnlineSubsystemGooglePlay
LogPluginManager: Mounting plugin OnlineSubsystemIOS
LogPluginManager: Mounting plugin OnlineSubsystem
LogPluginManager: Mounting plugin OnlineSubsystemNull
LogPluginManager: Mounting plugin OnlineSubsystemUtils
LogPluginManager: Mounting plugin AndroidDeviceProfileSelector
LogPluginManager: Mounting plugin AndroidMoviePlayer
LogPluginManager: Mounting plugin AndroidPermission
LogPluginManager: Mounting plugin AppleARKit
LogPluginManager: Mounting plugin AppleMoviePlayer
LogPluginManager: Mounting plugin ArchVisCharacter
LogPluginManager: Mounting plugin CableComponent
LogPluginManager: Mounting plugin CustomMeshComponent
LogPluginManager: Mounting plugin ExampleDeviceProfileSelector
LogPluginManager: Mounting plugin GoogleCloudMessaging
LogPluginManager: Mounting plugin ImmediatePhysics
LogPluginManager: Mounting plugin IOSDeviceProfileSelector
LogPluginManager: Mounting plugin LinuxDeviceProfileSelector
LogPluginManager: Mounting plugin LocationServicesBPLibrary
LogPluginManager: Mounting plugin MobilePatchingUtils
LogPluginManager: Mounting plugin OculusVR
LogPluginManager: Plugin shader directory ../../../Engine/Plugins/Runtime/Oculus/OculusVR/Shaders found
LogPluginManager: Mapping shader source directory ../../../Engine/Plugins/Runtime/Oculus/OculusVR/Shaders to virtual directory /Plugin/OculusVR
LogPluginManager: Mounting plugin PhysXVehicles
LogPluginManager: Mounting plugin ProceduralMeshComponent
LogPluginManager: Mounting plugin RuntimePhysXCooking
LogPluginManager: Mounting plugin SteamVR
LogPluginManager: Mounting plugin WindowsMoviePlayer
LogInit: Using libcurl 7.47.1
LogInit:  - built for x86_64-pc-win32
LogInit:  - supports SSL with OpenSSL/1.0.2g
LogInit:  - supports HTTP deflate (compression) using libz 1.2.8
LogInit:  - other features:
LogInit:      CURL_VERSION_SSL
LogInit:      CURL_VERSION_LIBZ
LogInit:      CURL_VERSION_IPV6
LogInit:      CURL_VERSION_ASYNCHDNS
LogInit:      CURL_VERSION_LARGEFILE
LogInit:      CURL_VERSION_IDN
LogInit:  CurlRequestOptions (configurable via config and command line):
LogInit:  - bVerifyPeer = false  - Libcurl will NOT verify peer certificate
LogInit:  - bUseHttpProxy = false  - Libcurl will NOT use HTTP proxy
LogInit:  - bDontReuseConnections = false  - Libcurl will reuse connections
LogInit:  - CertBundlePath = nullptr  - Libcurl will use whatever was configured at build time.
LogInit: Build: ++UE4+Release-4.18-CL-3832480
LogInit: Engine Version: 4.18.3-3832480+++UE4+Release-4.18
LogInit: Compatible Engine Version: 4.18.0-3709383+++UE4+Release-4.18
LogInit: Net CL: 3709383
LogDevObjectVersion: Number of dev versions registered: 16
LogDevObjectVersion:   Dev-Blueprints (B0D832E4-1F89-4F0D-ACCF-7EB736FD4AA2): 10
LogDevObjectVersion:   Dev-Build (E1C64328-A22C-4D53-A36C-8E866417BD8C): 0
LogDevObjectVersion:   Dev-Core (375EC13C-06E4-48FB-B500-84F0262A717E): 2
LogDevObjectVersion:   Dev-Editor (E4B068ED-F494-42E9-A231-DA0B2E46BB41): 20
LogDevObjectVersion:   Dev-Framework (CFFC743F-43B0-4480-9391-14DF171D2073): 30
LogDevObjectVersion:   Dev-Mobile (B02B49B5-BB20-44E9-A304-32B752E40360): 0
LogDevObjectVersion:   Dev-Networking (A4E4105C-59A1-49B5-A7C5-40C4547EDFEE): 0
LogDevObjectVersion:   Dev-Online (39C831C9-5AE6-47DC-9A44-9C173E1C8E7C): 0
LogDevObjectVersion:   Dev-Physics (78F01B33-EBEA-4F98-B9B4-84EACCB95AA2): 0
LogDevObjectVersion:   Dev-Platform (6631380F-2D4D-43E0-8009-CF276956A95A): 0
LogDevObjectVersion:   Dev-Rendering (12F88B9F-8875-4AFC-A67C-D90C383ABD29): 20
LogDevObjectVersion:   Dev-Sequencer (7B5AE74C-D270-4C10-A958-57980B212A5A): 4
LogDevObjectVersion:   Dev-VR (D7296918-1DD6-4BDD-9DE2-64A83CC13884): 0
LogDevObjectVersion:   Dev-LoadTimes (C2A15278-BFE7-4AFE-6C17-90FF531DF755): 1
LogDevObjectVersion:   Private-Geometry (6EACA3D4-40EC-4CC1-B786-8BED09428FC5): 1
LogDevObjectVersion:   Dev-AnimPhys (29E575DD-E0A3-4627-9D10-D276232CDCEA): 12
LogInit: Compiled (64-bit): Jan 12 2018 02:04:55
LogInit: Compiled with Visual C++: 19.00.24215.01
LogInit: Build Configuration: Development
LogInit: Branch Name: ++UE4+Release-4.18
LogInit: Command line: -EpicPortal
LogInit: Base directory: F:/Unreal/UE_4.18/Engine/Binaries/Win64/
LogInit: Installed Engine Build: 1
LogInit: Presizing for max 8388607 objects, including 0 objects not considered by GC, pre-allocating 0 bytes for permanent pool.
LogInit: Object subsystem initialized
[2018.02.15-11.04.40:516][  0]LogInit: Selected Device Profile: [Windows]
[2018.02.15-11.04.40:516][  0]LogInit: Applying CVar settings loaded from the selected device profile: [Windows]
[2018.02.15-11.04.40:578][  0]LogInit: Computer: DESKTOP-CE490NB
[2018.02.15-11.04.40:578][  0]LogInit: User: Jaybt
[2018.02.15-11.04.40:578][  0]LogInit: CPU Page size=4096, Cores=28
[2018.02.15-11.04.40:578][  0]LogInit: High frequency timer resolution =2.148440 MHz
[2018.02.15-11.04.40:578][  0]LogMemory: Memory total: Physical=31.9GB (32GB approx)
[2018.02.15-11.04.40:578][  0]LogMemory: Platform Memory Stats for Windows
[2018.02.15-11.04.40:578][  0]LogMemory: Process Physical Memory: 283.79 MB used, 283.79 MB peak
[2018.02.15-11.04.40:578][  0]LogMemory: Process Virtual Memory: 281.76 MB used, 281.76 MB peak
[2018.02.15-11.04.40:578][  0]LogMemory: Physical Memory: 6423.98 MB used,  26211.14 MB free, 32635.13 MB total
[2018.02.15-11.04.40:578][  0]LogMemory: Virtual Memory: 721.38 MB used,  26211.14 MB free, 134217728.00 MB total
[2018.02.15-11.04.40:783][  0]LogInit: Using OS detected language (en-GB).
[2018.02.15-11.04.40:783][  0]LogInit: Using OS detected locale (en-GB).
[2018.02.15-11.04.40:786][  0]LogTextLocalizationManager: No specific localization for 'en-GB' exists, so the 'en' localization will be used.
[2018.02.15-11.04.42:008][  0]LogInit: Setting process to per monitor DPI aware
[2018.02.15-11.04.44:286][  0]LogD3D11RHI: D3D11 adapters:
[2018.02.15-11.04.44:315][  0]LogD3D11RHI:    0. 'AMD Radeon R9 200 / HD 7900 Series' (Feature Level 11_0)
[2018.02.15-11.04.44:316][  0]LogD3D11RHI:       3052/0/16317 MB DedicatedVideo/DedicatedSystem/SharedSystem, Outputs:1, VendorId:0x1002
[2018.02.15-11.04.44:322][  0]LogD3D11RHI:    1. 'Microsoft Basic Render Driver' (Feature Level 11_0)
[2018.02.15-11.04.44:322][  0]LogD3D11RHI:       0/0/16317 MB DedicatedVideo/DedicatedSystem/SharedSystem, Outputs:0, VendorId:0x1414
[2018.02.15-11.04.44:322][  0]LogD3D11RHI: Chosen D3D11 Adapter: 0
[2018.02.15-11.04.44:331][  0]LogD3D11RHI: Creating new Direct3DDevice
[2018.02.15-11.04.44:331][  0]LogD3D11RHI:     GPU DeviceId: 0x6798 (for the marketing name, search the web for "GPU Device Id")
[2018.02.15-11.04.44:331][  0]LogWindows: EnumDisplayDevices:
[2018.02.15-11.04.44:331][  0]LogWindows:    0. 'AMD Radeon R9 200 / HD 7900 Series' (P:1 D:1)
[2018.02.15-11.04.44:331][  0]LogWindows:    1. 'AMD Radeon R9 200 / HD 7900 Series' (P:0 D:0)
[2018.02.15-11.04.44:331][  0]LogWindows:    2. 'AMD Radeon R9 200 / HD 7900 Series' (P:0 D:0)
[2018.02.15-11.04.44:332][  0]LogWindows:    3. 'AMD Radeon R9 200 / HD 7900 Series' (P:0 D:0)
[2018.02.15-11.04.44:332][  0]LogWindows:    4. 'AMD Radeon R9 200 / HD 7900 Series' (P:0 D:0)
[2018.02.15-11.04.44:332][  0]LogWindows:    5. 'AMD Radeon R9 200 / HD 7900 Series' (P:0 D:0)
[2018.02.15-11.04.44:332][  0]LogWindows:    6. 'AMD Radeon R9 200 / HD 7900 Series' (P:0 D:0)
[2018.02.15-11.04.44:332][  0]LogWindows:    7. 'AMD Radeon R9 200 / HD 7900 Series' (P:0 D:0)
[2018.02.15-11.04.44:332][  0]LogWindows:    8. 'AMD Radeon R9 200 / HD 7900 Series' (P:0 D:0)
[2018.02.15-11.04.44:332][  0]LogWindows:    9. 'AMD Radeon R9 200 / HD 7900 Series' (P:0 D:0)
[2018.02.15-11.04.44:333][  0]LogWindows:    10. 'AMD Radeon R9 200 / HD 7900 Series' (P:0 D:0)
[2018.02.15-11.04.44:333][  0]LogWindows:    11. 'AMD Radeon R9 200 / HD 7900 Series' (P:0 D:0)
[2018.02.15-11.04.44:333][  0]LogWindows:    12. 'AMD Radeon R9 200 / HD 7900 Series' (P:0 D:0)
[2018.02.15-11.04.44:333][  0]LogWindows:    13. 'AMD Radeon R9 200 / HD 7900 Series' (P:0 D:0)
[2018.02.15-11.04.44:333][  0]LogWindows:    14. 'AMD Radeon R9 200 / HD 7900 Series' (P:0 D:0)
[2018.02.15-11.04.44:333][  0]LogWindows:    15. 'AMD Radeon R9 200 / HD 7900 Series' (P:0 D:0)
[2018.02.15-11.04.44:334][  0]LogWindows: DebugString: GetVideoDriverDetailsInvalid PrimaryIsNotTheChoosenAdapter GetVideoDriverDetailsInvalid PrimaryIsNotTheChoosenAdapter GetVideoDriverDetailsInvalid PrimaryIsNotTheChoosenAdapter GetVideoDriverDetailsInvalid PrimaryIsNotTheChoosenAdapter GetVideoDriverDetailsInvalid PrimaryIsNotTheChoosenAdapter GetVideoDriverDetailsInvalid PrimaryIsNotTheChoosenAdapter GetVideoDriverDetailsInvalid PrimaryIsNotTheChoosenAdapter GetVideoDriverDetailsInvalid PrimaryIsNotTheChoosenAdapter GetVideoDriverDetailsInvalid PrimaryIsNotTheChoosenAdapter GetVideoDriverDetailsInvalid PrimaryIsNotTheChoosenAdapter GetVideoDriverDetailsInvalid PrimaryIsNotTheChoosenAdapter GetVideoDriverDetailsInvalid PrimaryIsNotTheChoosenAdapter GetVideoDriverDetailsInvalid PrimaryIsNotTheChoosenAdapter GetVideoDriverDetailsInvalid PrimaryIsNotTheChoosenAdapter GetVideoDriverDetailsInvalid PrimaryIsNotTheChoosenAdapter GetVideoDriverDetailsInvalid PrimaryIsNotTheChoosenAdapter FoundDriverCount:0 
[2018.02.15-11.04.44:334][  0]LogD3D11RHI:     Adapter Name: AMD Radeon R9 200 / HD 7900 Series
[2018.02.15-11.04.44:334][  0]LogD3D11RHI:   Driver Version: Unknown (internal:Unknown, unified:Unknown)
[2018.02.15-11.04.44:334][  0]LogD3D11RHI:      Driver Date: Unknown
[2018.02.15-11.04.44:334][  0]LogRHI: Texture pool is 2136 MB (70% of 3052 MB)
[2018.02.15-11.04.44:385][  0]LogD3D11RHI: Async texture creation enabled
[2018.02.15-11.04.44:427][  0]LogD3D11RHI: GPU Timing Frequency: 27.000000 (Debug: 2 1)
[2018.02.15-11.04.44:432][  0]LogShaderCompilers: Guid format shader working directory is 1 characters bigger than the processId version (../../../../../Unreal_Projects/Mech_Animation/Intermediate/Shaders/WorkingDirectory/4856/).
[2018.02.15-11.04.44:433][  0]LogShaderCompilers: Cleaned the shader compiler working directory 'C:/Users/Jaybt/AppData/Local/Temp/UnrealShaderWorkingDir/C65129CA417BB25ACCF33ABDA81722E8/'.
[2018.02.15-11.04.44:433][  0]LogShaderCompilers: Display: Using Local Shader Compiler.
[2018.02.15-11.04.47:181][  0]LogTemp: Display: Loaded TP AllDesktopTargetPlatform
[2018.02.15-11.04.47:227][  0]LogTemp: Display: Loaded TP MacClientTargetPlatform
[2018.02.15-11.04.47:275][  0]LogTemp: Display: Loaded TP MacNoEditorTargetPlatform
[2018.02.15-11.04.47:322][  0]LogTemp: Display: Loaded TP MacServerTargetPlatform
[2018.02.15-11.04.47:382][  0]LogTemp: Display: Loaded TP MacTargetPlatform
[2018.02.15-11.04.47:435][  0]LogTemp: Display: Loaded TP WindowsClientTargetPlatform
[2018.02.15-11.04.47:483][  0]LogTemp: Display: Loaded TP WindowsNoEditorTargetPlatform
[2018.02.15-11.04.47:530][  0]LogTemp: Display: Loaded TP WindowsServerTargetPlatform
[2018.02.15-11.04.47:569][  0]LogTemp: Display: Loaded TP WindowsTargetPlatform
[2018.02.15-11.04.47:622][  0]LogTemp: Display: Loaded TP Android_ASTCTargetPlatform
[2018.02.15-11.04.47:672][  0]LogTemp: Display: Loaded TP Android_ATCTargetPlatform
[2018.02.15-11.04.47:727][  0]LogTemp: Display: Loaded TP Android_DXTTargetPlatform
[2018.02.15-11.04.47:780][  0]LogTemp: Display: Loaded TP Android_ETC1TargetPlatform
[2018.02.15-11.04.47:839][  0]LogTemp: Display: Loaded TP Android_ETC2TargetPlatform
[2018.02.15-11.04.47:971][  0]LogTemp: Display: Loaded TP Android_MultiTargetPlatform
[2018.02.15-11.04.47:971][  0]LogTemp: Display: Loaded TP Android_PVRTCTargetPlatform
[2018.02.15-11.04.48:049][  0]LogTemp: Display: Loaded TP AndroidTargetPlatform
[2018.02.15-11.04.48:094][  0]LogTemp: Display: Loaded TP HTML5TargetPlatform
[2018.02.15-11.04.48:219][  0]LogTemp: Display: Loaded TP IOSTargetPlatform
[2018.02.15-11.04.48:244][  0]LogTemp: Display: Loaded TP TVOSTargetPlatform
[2018.02.15-11.04.48:302][  0]LogTemp: Display: Loaded TP LinuxClientTargetPlatform
[2018.02.15-11.04.48:349][  0]LogTemp: Display: Loaded TP LinuxNoEditorTargetPlatform
[2018.02.15-11.04.48:397][  0]LogTemp: Display: Loaded TP LinuxServerTargetPlatform
[2018.02.15-11.04.48:472][  0]LogTemp: Display: Loaded TP LinuxTargetPlatform
[2018.02.15-11.04.48:472][  0]LogTargetPlatformManager: Display: Building Assets For Windows
[2018.02.15-11.04.49:064][  0]LogDerivedDataCache: Display: Max Cache Size: 512 MB
[2018.02.15-11.04.49:544][  0]LogDerivedDataCache: Loaded boot cache 0.48s 78MB C:/Users/Jaybt/AppData/Local/UnrealEngine/4.18/DerivedDataCache/Boot.ddc.
[2018.02.15-11.04.49:544][  0]LogDerivedDataCache: Display: Loaded Boot cache: C:/Users/Jaybt/AppData/Local/UnrealEngine/4.18/DerivedDataCache/Boot.ddc
[2018.02.15-11.04.49:544][  0]LogDerivedDataCache: FDerivedDataBackendGraph:  Pak pak cache file ../../../../../Unreal_Projects/Mech_Animation/DerivedDataCache/DDC.ddp not found, will not use a pak cache.
[2018.02.15-11.04.49:545][  0]LogDerivedDataCache: Unable to find inner node Pak for hierarchical cache Hierarchy.
[2018.02.15-11.04.49:545][  0]LogDerivedDataCache: FDerivedDataBackendGraph:  CompressedPak pak cache file ../../../../../Unreal_Projects/Mech_Animation/DerivedDataCache/Compressed.ddp not found, will not use a pak cache.
[2018.02.15-11.04.49:545][  0]LogDerivedDataCache: Unable to find inner node CompressedPak for hierarchical cache Hierarchy.
[2018.02.15-11.04.49:570][  0]LogDerivedDataCache: Display: Pak cache opened for reading ../../../Engine/DerivedDataCache/Compressed.ddp.
[2018.02.15-11.04.49:582][  0]LogDerivedDataCache: Using Local data cache path C:/Users/Jaybt/AppData/Local/UnrealEngine/Common/DerivedDataCache: Writable
[2018.02.15-11.04.49:596][  0]LogMaterial: Verifying Global Shaders for PCD3D_SM5
[2018.02.15-11.04.49:597][  0]LogSlate: Using Freetype 2.6.0
[2018.02.15-11.04.49:597][  0]LogSlate: SlateFontCache - WITH_FREETYPE: 1, WITH_HARFBUZZ: 1
[2018.02.15-11.04.49:598][  0]LogSlate: SlateFontCache - WITH_FREETYPE: 1, WITH_HARFBUZZ: 1
[2018.02.15-11.04.52:520][  0]LogInit: Selected Device Profile: [Windows]
[2018.02.15-11.04.52:936][  0]LogSimplygon: Simplygon DLL not present - disabling.
[2018.02.15-11.04.52:999][  0]LogMeshReduction: Using SimplygonSwarm for distributed automatic mesh merging
[2018.02.15-11.04.53:000][  0]LogMeshReduction: Using QuadricMeshReduction for automatic static mesh reduction
[2018.02.15-11.04.53:000][  0]LogMeshReduction: No automatic skeletal mesh reduction module available
[2018.02.15-11.04.53:000][  0]LogMeshReduction: No automatic mesh merging module available
[2018.02.15-11.04.53:000][  0]LogMeshMerging: No automatic mesh merging module available
[2018.02.15-11.04.53:030][  0]LogNetVersion: Mech_Animation , NetCL: 3709383, EngineNetVer: 2, GameNetVer: 0 (Checksum: 2450302668)
[2018.02.15-11.04.53:291][  0]LogAssetRegistry: FAssetRegistry took 0.0335 seconds to start up
[2018.02.15-11.04.54:003][  0]LogPackageLocalizationCache: Processed 7 localized package path(s) for 2 prioritized culture(s) in 0.073409 seconds
[2018.02.15-11.04.54:009][  0]LogUObjectArray: 35870 objects as part of root set at end of initial load.
[2018.02.15-11.04.54:009][  0]LogUObjectAllocator: 7363704 out of 0 bytes used by permanent object pool.
[2018.02.15-11.04.54:009][  0]LogUObjectArray: CloseDisregardForGC: 0/0 objects in disregard for GC pool
[2018.02.15-11.04.54:055][  0]LogInit: WinSock: version 1.1 (2.2), MaxSocks=32767, MaxUdp=65467
[2018.02.15-11.05.01:842][  0]LogTcpMessaging: Initializing TcpMessaging bridge
[2018.02.15-11.05.01:890][  0]LogUdpMessaging: Initializing bridge on interface 0.0.0.0:0 to multicast group 230.0.0.1:6666.
[2018.02.15-11.05.02:732][  0]LogMaterial: Uniform references updated for custom material expression Custom.
[2018.02.15-11.05.03:198][  0]SourceControl: Source control is disabled
[2018.02.15-11.05.03:198][  0]SourceControl: Source control is disabled
[2018.02.15-11.05.03:261][  0]SourceControl: Source control is disabled
[2018.02.15-11.05.03:325][  0]SourceControl: Source control is disabled
[2018.02.15-11.05.04:265][  0]LogAndroidPermission: UAndroidPermissionCallbackProxy::GetInstance
[2018.02.15-11.05.04:556][  0]LogOcInput: OculusInput pre-init called
[2018.02.15-11.05.04:947][  0]LogEngine: Initializing Engine...
[2018.02.15-11.05.04:950][  0]LogHMD: Failed to initialize OpenVR with code 110
[2018.02.15-11.05.05:262][  0]LogStats: UGameplayTagsManager::ConstructGameplayTagTree: Construct from data asset -  0.000 s
[2018.02.15-11.05.05:262][  0]LogStats: UGameplayTagsManager::ConstructGameplayTagTree: GameplayTagTreeChangedEvent.Broadcast -  0.000 s
[2018.02.15-11.05.05:380][  0]LogAIModule: Creating AISystem for world Untitled
[2018.02.15-11.05.05:396][  0]LogInit: XAudio2 using 'Speakers (2- Plantronics GameCom 780)' : 2 channels at 48 kHz using 16 bits per sample (channel mask 0x3)
[2018.02.15-11.05.05:411][  0]LogInit: FAudioDevice initialized.
[2018.02.15-11.05.05:511][  0]LogDerivedDataCache: Saved boot cache 0.10s 78MB C:/Users/Jaybt/AppData/Local/UnrealEngine/4.18/DerivedDataCache/Boot.ddc.
[2018.02.15-11.05.05:548][  0]LogInit: Texture streaming: Enabled
[2018.02.15-11.05.05:651][  0]LogEngineSessionManager: EngineSessionManager initialized
[2018.02.15-11.05.05:651][  0]LogEngineSessionManager: EngineSessionManager sent abnormal shutdown report. Type=Crashed, SessionId={509565EE-471F-4F62-08AA-51AC2E9E0F6B}
[2018.02.15-11.05.05:767][  0]LogInit: Transaction tracking system initialized
[2018.02.15-11.05.06:081][  0]BlueprintLog: New page: Editor Load
[2018.02.15-11.05.07:050][  0]LocalizationService: Localization service is disabled
[2018.02.15-11.05.07:957][  0]LogConsoleResponse: Display: 
[2018.02.15-11.05.08:463][  0]LogCook: Display: Max memory allowance for cook 16384mb min free memory 0mb
[2018.02.15-11.05.08:463][  0]LogCook: Display: Mobile HDR setting 1
[2018.02.15-11.05.08:463][  0]LogGameplayTags: Display: UGameplayTagsManager::DoneAddingNativeTags. DelegateIsBound: 0
[2018.02.15-11.05.08:840][  0]LogFileCache: Scanning file cache for directory 'F:/Unreal_Projects/Mech_Animation/Content/' took 0.02s
[2018.02.15-11.05.10:308][  0]SourceControl: Source control is disabled
[2018.02.15-11.05.10:309][  0]Cmd: MAP LOAD FILE="../../../../../Unreal_Projects/Mech_Animation/Content/ThirdPersonBP/Maps/ThirdPersonExampleMap.umap" TEMPLATE=0 SHOWPROGRESS=1 FEATURELEVEL=3
[2018.02.15-11.05.10:309][  0]LightingResults: New page: Lighting Build
[2018.02.15-11.05.10:343][  0]MapCheck: New page: Map Check
[2018.02.15-11.05.10:343][  0]LightingResults: New page: Lighting Build
[2018.02.15-11.05.10:889][  0]LogAnimationCompression: Building Anim DDC data for AnimSequence /Game/ThirdPersonBP/Mech/Walk_Animation-1-55_Anim.Walk_Animation-1-55_Anim
[2018.02.15-11.05.10:906][  0]LogAnimationCompression: Recompressing (AnimSequence /Game/ThirdPersonBP/Mech/Walk_Animation-1-55_Anim.Walk_Animation-1-55_Anim) using current/default (AnimCompress_BitwiseCompressOnly_0) bFirstRecompressUsingCurrentOrDefault(1) bTryAlternateCompressor(0) IsCompressedDataValid(0)
[2018.02.15-11.05.10:970][  0]LogAIModule: Creating AISystem for world ThirdPersonExampleMap
[2018.02.15-11.05.10:999][  0]LogEditorServer: Finished looking for orphan Actors (0.000 secs)
[2018.02.15-11.05.11:123][  0]Cmd: MAP CHECKDEP NOCLEARLOG
[2018.02.15-11.05.11:182][  0]MapCheck: Map check complete: 0 Error(s), 0 Warning(s), took 58.904ms to complete.
[2018.02.15-11.05.11:182][  0]LogFileHelpers: Loading map 'ThirdPersonExampleMap' took 0.874
[2018.02.15-11.05.11:401][  0]LogCollectionManager: Loaded 0 collections in 0.001130 seconds
[2018.02.15-11.05.11:501][  0]LogFileCache: Scanning file cache for directory 'F:/Unreal_Projects/Mech_Animation/Saved/Collections/' took 0.01s
[2018.02.15-11.05.11:501][  0]LogFileCache: Scanning file cache for directory 'F:/Unreal_Projects/Mech_Animation/Content/Developers/Jaybt/Collections/' took 0.01s
[2018.02.15-11.05.11:501][  0]LogFileCache: Scanning file cache for directory 'F:/Unreal_Projects/Mech_Animation/Content/Collections/' took 0.01s
[2018.02.15-11.05.11:501][  0]LogCollectionManager: Rebuilt the GUID cache for 0 collections in 0.000000 seconds
[2018.02.15-11.05.11:514][  0]LogContentBrowser: Native class hierarchy populated in 0.0129 seconds. Added 2363 classes and 519 folders.
[2018.02.15-11.05.11:579][  0]LogContentBrowser: Native class hierarchy updated for 'WidgetCarousel' in 0.0003 seconds. Added 0 classes and 0 folders.
[2018.02.15-11.05.12:569][  0]LogContentBrowser: Native class hierarchy updated for 'AddContentDialog' in 0.0003 seconds. Added 0 classes and 0 folders.
[2018.02.15-11.05.12:617][  0]LogContentBrowser: Native class hierarchy updated for 'SceneOutliner' in 0.0003 seconds. Added 1 classes and 2 folders.
[2018.02.15-11.05.12:639][  0]LogSlate: Took 0.000209 seconds to synchronously load lazily loaded font '../../../Engine/Content/Slate/Fonts/Roboto-Regular.ttf' (155K)
[2018.02.15-11.05.12:642][  0]LogSlate: Took 0.000200 seconds to synchronously load lazily loaded font '../../../Engine/Content/Slate/Fonts/Roboto-Bold.ttf' (160K)
[2018.02.15-11.05.12:660][  0]LogSlate: Took 0.013934 seconds to synchronously load lazily loaded font '../../../Engine/Content/Editor/Slate/Fonts/FontAwesome.ttf' (139K)
[2018.02.15-11.05.12:836][  0]LogRenderer: Reallocating scene render targets to support 1208x576 Format 10 NumSamples 1 (Frame:1).
[2018.02.15-11.05.13:244][  0]LogContentBrowser: Native class hierarchy updated for 'HierarchicalLODOutliner' in 0.0003 seconds. Added 1 classes and 2 folders.
[2018.02.15-11.05.13:244][  0]LogLoad: (Engine Initialization) Total time: 48.16 seconds
[2018.02.15-11.05.13:244][  0]LogLoad: (Engine Initialization) Total Blueprint compile time: 0.00 seconds
[2018.02.15-11.05.13:244][  0]LogExternalProfiler: No external profilers were discovered.  External profiling features will not be available.
[2018.02.15-11.05.13:604][  0]LogContentStreaming: Texture pool size now 1000 MB
[2018.02.15-11.05.13:687][  0]LogSlate: Took 0.012880 seconds to synchronously load lazily loaded font '../../../Engine/Content/Slate/Fonts/Roboto-Light.ttf' (159K)
[2018.02.15-11.05.13:930][  1]LogAssetRegistry: Asset discovery search completed in 20.6608 seconds
[2018.02.15-11.05.13:932][  1]LogCollectionManager: Rebuilt the object cache for 0 collections in 0.000000 seconds (found 0 objects)
[2018.02.15-11.05.13:932][  1]LogCollectionManager: Fixed up redirectors for 0 collections in 0.000054 seconds (updated 0 objects)
[2018.02.15-11.05.14:586][  3]LogSlate: Took 0.000392 seconds to synchronously load lazily loaded font '../../../Engine/Content/Slate/Fonts/Roboto-Light.ttf' (159K)
[2018.02.15-11.05.44:624][764]LogTemp: Repeating last play command: Selected Viewport
[2018.02.15-11.05.44:704][764]LogBlueprintUserMessages: Early PlayInEditor Detection: Level '/Game/ThirdPersonBP/Maps/ThirdPersonExampleMap.ThirdPersonExampleMap:PersistentLevel' has LevelScriptBlueprint '/Game/ThirdPersonBP/Maps/ThirdPersonExampleMap.ThirdPersonExampleMap:PersistentLevel.ThirdPersonExampleMap' with GeneratedClass '/Game/ThirdPersonBP/Maps/ThirdPersonExampleMap.ThirdPersonExampleMap_C' with ClassGeneratedBy '/Game/ThirdPersonBP/Maps/ThirdPersonExampleMap.ThirdPersonExampleMap:PersistentLevel.ThirdPersonExampleMap'
[2018.02.15-11.05.44:705][764]LogPlayLevel: PlayLevel: No blueprints needed recompiling
[2018.02.15-11.05.44:706][764]PIE: New page: PIE session: ThirdPersonExampleMap (15 Feb 2018 11:05:44)
[2018.02.15-11.05.44:706][764]LogPlayLevel: Creating play world package: /Game/ThirdPersonBP/Maps/UEDPIE_0_ThirdPersonExampleMap
[2018.02.15-11.05.44:748][764]LogPlayLevel: PIE: StaticDuplicateObject took: (0.041774s)
[2018.02.15-11.05.44:749][764]LogAIModule: Creating AISystem for world ThirdPersonExampleMap
[2018.02.15-11.05.44:750][764]LogPlayLevel: PIE: World Init took: (0.001222s)
[2018.02.15-11.05.44:750][764]LogPlayLevel: PIE: Created PIE world by copying editor world from /Game/ThirdPersonBP/Maps/ThirdPersonExampleMap.ThirdPersonExampleMap to /Game/ThirdPersonBP/Maps/UEDPIE_0_ThirdPersonExampleMap.ThirdPersonExampleMap (0.043415s)
[2018.02.15-11.05.44:799][764]LogInit: XAudio2 using 'Speakers (2- Plantronics GameCom 780)' : 2 channels at 48 kHz using 16 bits per sample (channel mask 0x3)
[2018.02.15-11.05.44:807][764]LogInit: FAudioDevice initialized.
[2018.02.15-11.05.44:862][764]LogLoad: Game class is 'ThirdPersonGameMode_C'
[2018.02.15-11.05.44:867][764]LogWorld: Bringing World /Game/ThirdPersonBP/Maps/UEDPIE_0_ThirdPersonExampleMap.ThirdPersonExampleMap up for play (max tick rate 0) at 2018.02.15-11.05.44
[2018.02.15-11.05.44:868][764]LogWorld: Bringing up level for play took: 0.002402
[2018.02.15-11.05.44:911][764]LogContentBrowser: Native class hierarchy updated for 'MovieSceneCapture' in 0.0004 seconds. Added 11 classes and 0 folders.
[2018.02.15-11.05.44:912][764]PIE: Play in editor start time for /Game/ThirdPersonBP/Maps/UEDPIE_0_ThirdPersonExampleMap -0.166
[2018.02.15-11.05.44:913][764]LogBlueprintUserMessages: Late PlayInEditor Detection: Level '/Game/ThirdPersonBP/Maps/ThirdPersonExampleMap.ThirdPersonExampleMap:PersistentLevel' has LevelScriptBlueprint '/Game/ThirdPersonBP/Maps/ThirdPersonExampleMap.ThirdPersonExampleMap:PersistentLevel.ThirdPersonExampleMap' with GeneratedClass '/Game/ThirdPersonBP/Maps/ThirdPersonExampleMap.ThirdPersonExampleMap_C' with ClassGeneratedBy '/Game/ThirdPersonBP/Maps/ThirdPersonExampleMap.ThirdPersonExampleMap:PersistentLevel.ThirdPersonExampleMap'
[2018.02.15-11.05.46:797][979]LogBlueprintUserMessages: Early EndPlayMap Detection: Level '/Game/ThirdPersonBP/Maps/ThirdPersonExampleMap.ThirdPersonExampleMap:PersistentLevel' has LevelScriptBlueprint '/Game/ThirdPersonBP/Maps/ThirdPersonExampleMap.ThirdPersonExampleMap:PersistentLevel.ThirdPersonExampleMap' with GeneratedClass '/Game/ThirdPersonBP/Maps/ThirdPersonExampleMap.ThirdPersonExampleMap_C' with ClassGeneratedBy '/Game/ThirdPersonBP/Maps/ThirdPersonExampleMap.ThirdPersonExampleMap:PersistentLevel.ThirdPersonExampleMap'
[2018.02.15-11.05.46:833][979]LogBlueprintUserMessages: Late EndPlayMap Detection: Level '/Game/ThirdPersonBP/Maps/ThirdPersonExampleMap.ThirdPersonExampleMap:PersistentLevel' has LevelScriptBlueprint '/Game/ThirdPersonBP/Maps/ThirdPersonExampleMap.ThirdPersonExampleMap:PersistentLevel.ThirdPersonExampleMap' with GeneratedClass '/Game/ThirdPersonBP/Maps/ThirdPersonExampleMap.ThirdPersonExampleMap_C' with ClassGeneratedBy '/Game/ThirdPersonBP/Maps/ThirdPersonExampleMap.ThirdPersonExampleMap:PersistentLevel.ThirdPersonExampleMap'
[2018.02.15-11.05.51:675][341]LogSlate: Took 0.000413 seconds to synchronously load lazily loaded font '../../../Engine/Content/Slate/Fonts/Roboto-Light.ttf' (159K)
[2018.02.15-11.05.52:101][341]LogContentBrowser: Native class hierarchy updated for 'BlueprintGraph' in 0.0007 seconds. Added 116 classes and 0 folders.
[2018.02.15-11.05.53:005][341]LogSlate: Took 0.000371 seconds to synchronously load lazily loaded font '../../../Engine/Content/Slate/Fonts/Roboto-Regular.ttf' (155K)
[2018.02.15-11.05.53:117][341]LogSlate: Took 0.013537 seconds to synchronously load lazily loaded font '../../../Engine/Content/Editor/Slate/Fonts/Roboto-BoldCondensed.ttf' (158K)
[2018.02.15-11.05.53:353][342]LogSlate: Took 0.006348 seconds to synchronously load lazily loaded font '../../../Engine/Content/Editor/Slate/Fonts/Roboto-Italic.ttf' (157K)
[2018.02.15-11.05.56:859][618]LogRenderer: Reallocating scene render targets to support 1208x712 Format 10 NumSamples 1 (Frame:154).
[2018.02.15-11.06.12:857][857]LogEditorTransaction: Undo Edit Skeletal Mesh
[2018.02.15-11.06.12:880][857]LogActorComponent: ~FComponentReregisterContext: (/Engine/Transient.World_7:PersistentLevel.ThirdPersonCharacter_C_1.CollisionCylinder) Component already registered.
[2018.02.15-11.06.44:472][319]BlueprintLog: New page: Compile ThirdPersonCharacter
[2018.02.15-11.06.44:546][319]LogScript: Warning: Accessed None trying to read property FollowCamera
	mechAnim_C /Game/ThirdPersonBP/Maps/ThirdPersonExampleMap.ThirdPersonExampleMap:PersistentLevel.ThirdPersonCharacter_167.CharacterMesh0.mechAnim_C_2
	Function /Game/ThirdPersonBP/Blueprints/mechAnim.mechAnim_C:ExecuteUbergraph_mechAnim:02AF
[2018.02.15-11.06.44:546][319]LogScript: Warning: Accessed None trying to read property TargetPosition
	mechAnim_C /Game/ThirdPersonBP/Maps/ThirdPersonExampleMap.ThirdPersonExampleMap:PersistentLevel.ThirdPersonCharacter_167.CharacterMesh0.mechAnim_C_2
	Function /Game/ThirdPersonBP/Blueprints/mechAnim.mechAnim_C:ExecuteUbergraph_mechAnim:01A5
[2018.02.15-11.06.44:548][319]LogScript: Warning: Accessed None trying to read property FollowCamera
	mechAnim_C /Game/ThirdPersonBP/Maps/ThirdPersonExampleMap.ThirdPersonExampleMap:PersistentLevel.ThirdPersonCharacter_167.CharacterMesh0.mechAnim_C_3
	Function /Game/ThirdPersonBP/Blueprints/mechAnim.mechAnim_C:ExecuteUbergraph_mechAnim:02AF
[2018.02.15-11.06.44:548][319]LogScript: Warning: Accessed None trying to read property TargetPosition
	mechAnim_C /Game/ThirdPersonBP/Maps/ThirdPersonExampleMap.ThirdPersonExampleMap:PersistentLevel.ThirdPersonCharacter_167.CharacterMesh0.mechAnim_C_3
	Function /Game/ThirdPersonBP/Blueprints/mechAnim.mechAnim_C:ExecuteUbergraph_mechAnim:01A5
[2018.02.15-11.06.44:549][319]LogScript: Warning: Accessed None trying to read property FollowCamera
	mechAnim_C /Engine/Transient.World_5:PersistentLevel.ThirdPersonCharacter_C_0.CharacterMesh0.mechAnim_C_5
	Function /Game/ThirdPersonBP/Blueprints/mechAnim.mechAnim_C:ExecuteUbergraph_mechAnim:02AF
[2018.02.15-11.06.44:549][319]LogScript: Warning: Accessed None trying to read property TargetPosition
	mechAnim_C /Engine/Transient.World_5:PersistentLevel.ThirdPersonCharacter_C_0.CharacterMesh0.mechAnim_C_5
	Function /Game/ThirdPersonBP/Blueprints/mechAnim.mechAnim_C:ExecuteUbergraph_mechAnim:01A5
[2018.02.15-11.06.44:550][319]LogScript: Warning: Accessed None trying to read property FollowCamera
	mechAnim_C /Engine/Transient.World_5:PersistentLevel.ThirdPersonCharacter_C_0.CharacterMesh0.mechAnim_C_6
	Function /Game/ThirdPersonBP/Blueprints/mechAnim.mechAnim_C:ExecuteUbergraph_mechAnim:02AF
[2018.02.15-11.06.44:550][319]LogScript: Warning: Accessed None trying to read property TargetPosition
	mechAnim_C /Engine/Transient.World_5:PersistentLevel.ThirdPersonCharacter_C_0.CharacterMesh0.mechAnim_C_6
	Function /Game/ThirdPersonBP/Blueprints/mechAnim.mechAnim_C:ExecuteUbergraph_mechAnim:01A5
[2018.02.15-11.06.44:551][319]LogScript: Warning: Accessed None trying to read property FollowCamera
	mechAnim_C /Engine/Transient.World_7:PersistentLevel.ThirdPersonCharacter_C_1.CharacterMesh0.mechAnim_C_7
	Function /Game/ThirdPersonBP/Blueprints/mechAnim.mechAnim_C:ExecuteUbergraph_mechAnim:02AF
[2018.02.15-11.06.44:551][319]LogScript: Warning: Accessed None trying to read property TargetPosition
	mechAnim_C /Engine/Transient.World_7:PersistentLevel.ThirdPersonCharacter_C_1.CharacterMesh0.mechAnim_C_7
	Function /Game/ThirdPersonBP/Blueprints/mechAnim.mechAnim_C:ExecuteUbergraph_mechAnim:01A5
[2018.02.15-11.06.44:553][319]LogScript: Warning: Accessed None trying to read property FollowCamera
	mechAnim_C /Engine/Transient.World_7:PersistentLevel.ThirdPersonCharacter_C_1.CharacterMesh0.mechAnim_C_8
	Function /Game/ThirdPersonBP/Blueprints/mechAnim.mechAnim_C:ExecuteUbergraph_mechAnim:02AF
[2018.02.15-11.06.44:553][319]LogScript: Warning: Accessed None trying to read property TargetPosition
	mechAnim_C /Engine/Transient.World_7:PersistentLevel.ThirdPersonCharacter_C_1.CharacterMesh0.mechAnim_C_8
	Function /Game/ThirdPersonBP/Blueprints/mechAnim.mechAnim_C:ExecuteUbergraph_mechAnim:01A5
[2018.02.15-11.06.45:080][319]LogScript: Warning: Accessed None trying to read property FollowCamera
	mechAnim_C /Engine/Transient.World_5:PersistentLevel.ThirdPersonCharacter_C_10.CharacterMesh0.mechAnim_C_9
	Function /Game/ThirdPersonBP/Blueprints/mechAnim.mechAnim_C:ExecuteUbergraph_mechAnim:02AF
[2018.02.15-11.06.45:080][319]LogScript: Warning: Accessed None trying to read property TargetPosition
	mechAnim_C /Engine/Transient.World_5:PersistentLevel.ThirdPersonCharacter_C_10.CharacterMesh0.mechAnim_C_9
	Function /Game/ThirdPersonBP/Blueprints/mechAnim.mechAnim_C:ExecuteUbergraph_mechAnim:01A5
[2018.02.15-11.06.54:751][  7]BlueprintLog: New page: Compile ThirdPersonCharacter
[2018.02.15-11.06.54:818][  7]LogScript: Warning: Accessed None trying to read property FollowCamera
	mechAnim_C /Game/ThirdPersonBP/Maps/ThirdPersonExampleMap.ThirdPersonExampleMap:PersistentLevel.ThirdPersonCharacter_167.CharacterMesh0.mechAnim_C_4
	Function /Game/ThirdPersonBP/Blueprints/mechAnim.mechAnim_C:ExecuteUbergraph_mechAnim:02AF
[2018.02.15-11.06.54:818][  7]LogScript: Warning: Accessed None trying to read property TargetPosition
	mechAnim_C /Game/ThirdPersonBP/Maps/ThirdPersonExampleMap.ThirdPersonExampleMap:PersistentLevel.ThirdPersonCharacter_167.CharacterMesh0.mechAnim_C_4
	Function /Game/ThirdPersonBP/Blueprints/mechAnim.mechAnim_C:ExecuteUbergraph_mechAnim:01A5
[2018.02.15-11.06.54:819][  7]LogScript: Warning: Accessed None trying to read property FollowCamera
	mechAnim_C /Game/ThirdPersonBP/Maps/ThirdPersonExampleMap.ThirdPersonExampleMap:PersistentLevel.ThirdPersonCharacter_167.CharacterMesh0.mechAnim_C_5
	Function /Game/ThirdPersonBP/Blueprints/mechAnim.mechAnim_C:ExecuteUbergraph_mechAnim:02AF
[2018.02.15-11.06.54:819][  7]LogScript: Warning: Accessed None trying to read property TargetPosition
	mechAnim_C /Game/ThirdPersonBP/Maps/ThirdPersonExampleMap.ThirdPersonExampleMap:PersistentLevel.ThirdPersonCharacter_167.CharacterMesh0.mechAnim_C_5
	Function /Game/ThirdPersonBP/Blueprints/mechAnim.mechAnim_C:ExecuteUbergraph_mechAnim:01A5
[2018.02.15-11.06.54:821][  7]LogScript: Warning: Accessed None trying to read property FollowCamera
	mechAnim_C /Engine/Transient.World_7:PersistentLevel.ThirdPersonCharacter_C_1.CharacterMesh0.mechAnim_C_10
	Function /Game/ThirdPersonBP/Blueprints/mechAnim.mechAnim_C:ExecuteUbergraph_mechAnim:02AF
[2018.02.15-11.06.54:821][  7]LogScript: Warning: Accessed None trying to read property TargetPosition
	mechAnim_C /Engine/Transient.World_7:PersistentLevel.ThirdPersonCharacter_C_1.CharacterMesh0.mechAnim_C_10
	Function /Game/ThirdPersonBP/Blueprints/mechAnim.mechAnim_C:ExecuteUbergraph_mechAnim:01A5
[2018.02.15-11.06.54:822][  7]LogScript: Warning: Accessed None trying to read property FollowCamera
	mechAnim_C /Engine/Transient.World_7:PersistentLevel.ThirdPersonCharacter_C_1.CharacterMesh0.mechAnim_C_11
	Function /Game/ThirdPersonBP/Blueprints/mechAnim.mechAnim_C:ExecuteUbergraph_mechAnim:02AF
[2018.02.15-11.06.54:822][  7]LogScript: Warning: Accessed None trying to read property TargetPosition
	mechAnim_C /Engine/Transient.World_7:PersistentLevel.ThirdPersonCharacter_C_1.CharacterMesh0.mechAnim_C_11
	Function /Game/ThirdPersonBP/Blueprints/mechAnim.mechAnim_C:ExecuteUbergraph_mechAnim:01A5
[2018.02.15-11.06.54:823][  7]LogScript: Warning: Accessed None trying to read property FollowCamera
	mechAnim_C /Engine/Transient.World_5:PersistentLevel.ThirdPersonCharacter_C_10.CharacterMesh0.mechAnim_C_12
	Function /Game/ThirdPersonBP/Blueprints/mechAnim.mechAnim_C:ExecuteUbergraph_mechAnim:02AF
[2018.02.15-11.06.54:823][  7]LogScript: Warning: Accessed None trying to read property TargetPosition
	mechAnim_C /Engine/Transient.World_5:PersistentLevel.ThirdPersonCharacter_C_10.CharacterMesh0.mechAnim_C_12
	Function /Game/ThirdPersonBP/Blueprints/mechAnim.mechAnim_C:ExecuteUbergraph_mechAnim:01A5
[2018.02.15-11.06.54:824][  7]LogScript: Warning: Accessed None trying to read property FollowCamera
	mechAnim_C /Engine/Transient.World_5:PersistentLevel.ThirdPersonCharacter_C_10.CharacterMesh0.mechAnim_C_13
	Function /Game/ThirdPersonBP/Blueprints/mechAnim.mechAnim_C:ExecuteUbergraph_mechAnim:02AF
[2018.02.15-11.06.54:824][  7]LogScript: Warning: Accessed None trying to read property TargetPosition
	mechAnim_C /Engine/Transient.World_5:PersistentLevel.ThirdPersonCharacter_C_10.CharacterMesh0.mechAnim_C_13
	Function /Game/ThirdPersonBP/Blueprints/mechAnim.mechAnim_C:ExecuteUbergraph_mechAnim:01A5
[2018.02.15-11.06.55:334][  7]LogScript: Warning: Accessed None trying to read property FollowCamera
	mechAnim_C /Engine/Transient.World_5:PersistentLevel.ThirdPersonCharacter_C_11.CharacterMesh0.mechAnim_C_14
	Function /Game/ThirdPersonBP/Blueprints/mechAnim.mechAnim_C:ExecuteUbergraph_mechAnim:02AF
[2018.02.15-11.06.55:334][  7]LogScript: Warning: Accessed None trying to read property TargetPosition
	mechAnim_C /Engine/Transient.World_5:PersistentLevel.ThirdPersonCharacter_C_11.CharacterMesh0.mechAnim_C_14
	Function /Game/ThirdPersonBP/Blueprints/mechAnim.mechAnim_C:ExecuteUbergraph_mechAnim:01A5
[2018.02.15-11.06.56:798][158]LogTemp: Repeating last play command: Selected Viewport
[2018.02.15-11.06.56:827][158]LogBlueprintUserMessages: Early PlayInEditor Detection: Level '/Game/ThirdPersonBP/Maps/ThirdPersonExampleMap.ThirdPersonExampleMap:PersistentLevel' has LevelScriptBlueprint '/Game/ThirdPersonBP/Maps/ThirdPersonExampleMap.ThirdPersonExampleMap:PersistentLevel.ThirdPersonExampleMap' with GeneratedClass '/Game/ThirdPersonBP/Maps/ThirdPersonExampleMap.ThirdPersonExampleMap_C' with ClassGeneratedBy '/Game/ThirdPersonBP/Maps/ThirdPersonExampleMap.ThirdPersonExampleMap:PersistentLevel.ThirdPersonExampleMap'
[2018.02.15-11.06.56:827][158]LogPlayLevel: PlayLevel: No blueprints needed recompiling
[2018.02.15-11.06.56:828][158]PIE: New page: PIE session: ThirdPersonExampleMap (15 Feb 2018 11:06:56)
[2018.02.15-11.06.56:828][158]LogPlayLevel: Creating play world package: /Game/ThirdPersonBP/Maps/UEDPIE_0_ThirdPersonExampleMap
[2018.02.15-11.06.56:849][158]LogPlayLevel: PIE: StaticDuplicateObject took: (0.021527s)
[2018.02.15-11.06.56:850][158]LogAIModule: Creating AISystem for world ThirdPersonExampleMap
[2018.02.15-11.06.56:851][158]LogPlayLevel: PIE: World Init took: (0.001222s)
[2018.02.15-11.06.56:851][158]LogPlayLevel: PIE: Created PIE world by copying editor world from /Game/ThirdPersonBP/Maps/ThirdPersonExampleMap.ThirdPersonExampleMap to /Game/ThirdPersonBP/Maps/UEDPIE_0_ThirdPersonExampleMap.ThirdPersonExampleMap (0.023100s)
[2018.02.15-11.06.56:930][158]LogInit: XAudio2 using 'Speakers (2- Plantronics GameCom 780)' : 2 channels at 48 kHz using 16 bits per sample (channel mask 0x3)
[2018.02.15-11.06.56:939][158]LogInit: FAudioDevice initialized.
[2018.02.15-11.06.56:978][158]LogLoad: Game class is 'ThirdPersonGameMode_C'
[2018.02.15-11.06.56:981][158]LogWorld: Bringing World /Game/ThirdPersonBP/Maps/UEDPIE_0_ThirdPersonExampleMap.ThirdPersonExampleMap up for play (max tick rate 0) at 2018.02.15-11.06.56
[2018.02.15-11.06.56:981][158]LogWorld: Bringing up level for play took: 0.002210
[2018.02.15-11.06.56:983][158]PIE: Play in editor start time for /Game/ThirdPersonBP/Maps/UEDPIE_0_ThirdPersonExampleMap -0.096
[2018.02.15-11.06.56:983][158]LogBlueprintUserMessages: Late PlayInEditor Detection: Level '/Game/ThirdPersonBP/Maps/ThirdPersonExampleMap.ThirdPersonExampleMap:PersistentLevel' has LevelScriptBlueprint '/Game/ThirdPersonBP/Maps/ThirdPersonExampleMap.ThirdPersonExampleMap:PersistentLevel.ThirdPersonExampleMap' with GeneratedClass '/Game/ThirdPersonBP/Maps/ThirdPersonExampleMap.ThirdPersonExampleMap_C' with ClassGeneratedBy '/Game/ThirdPersonBP/Maps/ThirdPersonExampleMap.ThirdPersonExampleMap:PersistentLevel.ThirdPersonExampleMap'
[2018.02.15-11.07.00:270][546]LogBlueprintUserMessages: Early EndPlayMap Detection: Level '/Game/ThirdPersonBP/Maps/ThirdPersonExampleMap.ThirdPersonExampleMap:PersistentLevel' has LevelScriptBlueprint '/Game/ThirdPersonBP/Maps/ThirdPersonExampleMap.ThirdPersonExampleMap:PersistentLevel.ThirdPersonExampleMap' with GeneratedClass '/Game/ThirdPersonBP/Maps/ThirdPersonExampleMap.ThirdPersonExampleMap_C' with ClassGeneratedBy '/Game/ThirdPersonBP/Maps/ThirdPersonExampleMap.ThirdPersonExampleMap:PersistentLevel.ThirdPersonExampleMap'
[2018.02.15-11.07.00:317][546]LogBlueprintUserMessages: Late EndPlayMap Detection: Level '/Game/ThirdPersonBP/Maps/ThirdPersonExampleMap.ThirdPersonExampleMap:PersistentLevel' has LevelScriptBlueprint '/Game/ThirdPersonBP/Maps/ThirdPersonExampleMap.ThirdPersonExampleMap:PersistentLevel.ThirdPersonExampleMap' with GeneratedClass '/Game/ThirdPersonBP/Maps/ThirdPersonExampleMap.ThirdPersonExampleMap_C' with ClassGeneratedBy '/Game/ThirdPersonBP/Maps/ThirdPersonExampleMap.ThirdPersonExampleMap:PersistentLevel.ThirdPersonExampleMap'
[2018.02.15-11.07.20:827][357]BlueprintLog: New page: Compile ThirdPersonCharacter
[2018.02.15-11.07.20:865][357]LogScript: Warning: Accessed None trying to read property FollowCamera
	mechAnim_C /Game/ThirdPersonBP/Maps/ThirdPersonExampleMap.ThirdPersonExampleMap:PersistentLevel.ThirdPersonCharacter_167.CharacterMesh0.mechAnim_C_6
	Function /Game/ThirdPersonBP/Blueprints/mechAnim.mechAnim_C:ExecuteUbergraph_mechAnim:02AF
[2018.02.15-11.07.20:865][357]LogScript: Warning: Accessed None trying to read property TargetPosition
	mechAnim_C /Game/ThirdPersonBP/Maps/ThirdPersonExampleMap.ThirdPersonExampleMap:PersistentLevel.ThirdPersonCharacter_167.CharacterMesh0.mechAnim_C_6
	Function /Game/ThirdPersonBP/Blueprints/mechAnim.mechAnim_C:ExecuteUbergraph_mechAnim:01A5
[2018.02.15-11.07.20:867][357]LogScript: Warning: Accessed None trying to read property FollowCamera
	mechAnim_C /Game/ThirdPersonBP/Maps/ThirdPersonExampleMap.ThirdPersonExampleMap:PersistentLevel.ThirdPersonCharacter_167.CharacterMesh0.mechAnim_C_7
	Function /Game/ThirdPersonBP/Blueprints/mechAnim.mechAnim_C:ExecuteUbergraph_mechAnim:02AF
[2018.02.15-11.07.20:867][357]LogScript: Warning: Accessed None trying to read property TargetPosition
	mechAnim_C /Game/ThirdPersonBP/Maps/ThirdPersonExampleMap.ThirdPersonExampleMap:PersistentLevel.ThirdPersonCharacter_167.CharacterMesh0.mechAnim_C_7
	Function /Game/ThirdPersonBP/Blueprints/mechAnim.mechAnim_C:ExecuteUbergraph_mechAnim:01A5
[2018.02.15-11.07.20:869][357]LogScript: Warning: Accessed None trying to read property FollowCamera
	mechAnim_C /Engine/Transient.World_7:PersistentLevel.ThirdPersonCharacter_C_1.CharacterMesh0.mechAnim_C_15
	Function /Game/ThirdPersonBP/Blueprints/mechAnim.mechAnim_C:ExecuteUbergraph_mechAnim:02AF
[2018.02.15-11.07.20:869][357]LogScript: Warning: Accessed None trying to read property TargetPosition
	mechAnim_C /Engine/Transient.World_7:PersistentLevel.ThirdPersonCharacter_C_1.CharacterMesh0.mechAnim_C_15
	Function /Game/ThirdPersonBP/Blueprints/mechAnim.mechAnim_C:ExecuteUbergraph_mechAnim:01A5
[2018.02.15-11.07.20:871][357]LogScript: Warning: Accessed None trying to read property FollowCamera
	mechAnim_C /Engine/Transient.World_7:PersistentLevel.ThirdPersonCharacter_C_1.CharacterMesh0.mechAnim_C_16
	Function /Game/ThirdPersonBP/Blueprints/mechAnim.mechAnim_C:ExecuteUbergraph_mechAnim:02AF
[2018.02.15-11.07.20:871][357]LogScript: Warning: Accessed None trying to read property TargetPosition
	mechAnim_C /Engine/Transient.World_7:PersistentLevel.ThirdPersonCharacter_C_1.CharacterMesh0.mechAnim_C_16
	Function /Game/ThirdPersonBP/Blueprints/mechAnim.mechAnim_C:ExecuteUbergraph_mechAnim:01A5
[2018.02.15-11.07.20:872][357]LogScript: Warning: Accessed None trying to read property FollowCamera
	mechAnim_C /Engine/Transient.World_5:PersistentLevel.ThirdPersonCharacter_C_11.CharacterMesh0.mechAnim_C_17
	Function /Game/ThirdPersonBP/Blueprints/mechAnim.mechAnim_C:ExecuteUbergraph_mechAnim:02AF
[2018.02.15-11.07.20:872][357]LogScript: Warning: Accessed None trying to read property TargetPosition
	mechAnim_C /Engine/Transient.World_5:PersistentLevel.ThirdPersonCharacter_C_11.CharacterMesh0.mechAnim_C_17
	Function /Game/ThirdPersonBP/Blueprints/mechAnim.mechAnim_C:ExecuteUbergraph_mechAnim:01A5
[2018.02.15-11.07.20:873][357]LogScript: Warning: Accessed None trying to read property FollowCamera
	mechAnim_C /Engine/Transient.World_5:PersistentLevel.ThirdPersonCharacter_C_11.CharacterMesh0.mechAnim_C_18
	Function /Game/ThirdPersonBP/Blueprints/mechAnim.mechAnim_C:ExecuteUbergraph_mechAnim:02AF
[2018.02.15-11.07.20:873][357]LogScript: Warning: Accessed None trying to read property TargetPosition
	mechAnim_C /Engine/Transient.World_5:PersistentLevel.ThirdPersonCharacter_C_11.CharacterMesh0.mechAnim_C_18
	Function /Game/ThirdPersonBP/Blueprints/mechAnim.mechAnim_C:ExecuteUbergraph_mechAnim:01A5
[2018.02.15-11.07.21:432][357]LogScript: Warning: Accessed None trying to read property FollowCamera
	mechAnim_C /Engine/Transient.World_5:PersistentLevel.ThirdPersonCharacter_C_12.CharacterMesh0.mechAnim_C_19
	Function /Game/ThirdPersonBP/Blueprints/mechAnim.mechAnim_C:ExecuteUbergraph_mechAnim:02AF
[2018.02.15-11.07.21:432][357]LogScript: Warning: Accessed None trying to read property TargetPosition
	mechAnim_C /Engine/Transient.World_5:PersistentLevel.ThirdPersonCharacter_C_12.CharacterMesh0.mechAnim_C_19
	Function /Game/ThirdPersonBP/Blueprints/mechAnim.mechAnim_C:ExecuteUbergraph_mechAnim:01A5
[2018.02.15-11.07.23:326][533]LogTemp: Repeating last play command: Selected Viewport
[2018.02.15-11.07.23:351][533]LogBlueprintUserMessages: Early PlayInEditor Detection: Level '/Game/ThirdPersonBP/Maps/ThirdPersonExampleMap.ThirdPersonExampleMap:PersistentLevel' has LevelScriptBlueprint '/Game/ThirdPersonBP/Maps/ThirdPersonExampleMap.ThirdPersonExampleMap:PersistentLevel.ThirdPersonExampleMap' with GeneratedClass '/Game/ThirdPersonBP/Maps/ThirdPersonExampleMap.ThirdPersonExampleMap_C' with ClassGeneratedBy '/Game/ThirdPersonBP/Maps/ThirdPersonExampleMap.ThirdPersonExampleMap:PersistentLevel.ThirdPersonExampleMap'
[2018.02.15-11.07.23:351][533]LogPlayLevel: PlayLevel: No blueprints needed recompiling
[2018.02.15-11.07.23:351][533]PIE: New page: PIE session: ThirdPersonExampleMap (15 Feb 2018 11:07:23)
[2018.02.15-11.07.23:351][533]LogPlayLevel: Creating play world package: /Game/ThirdPersonBP/Maps/UEDPIE_0_ThirdPersonExampleMap
[2018.02.15-11.07.23:377][533]LogPlayLevel: PIE: StaticDuplicateObject took: (0.026159s)
[2018.02.15-11.07.23:378][533]LogAIModule: Creating AISystem for world ThirdPersonExampleMap
[2018.02.15-11.07.23:378][533]LogPlayLevel: PIE: World Init took: (0.001065s)
[2018.02.15-11.07.23:379][533]LogPlayLevel: PIE: Created PIE world by copying editor world from /Game/ThirdPersonBP/Maps/ThirdPersonExampleMap.ThirdPersonExampleMap to /Game/ThirdPersonBP/Maps/UEDPIE_0_ThirdPersonExampleMap.ThirdPersonExampleMap (0.027618s)
[2018.02.15-11.07.23:452][533]LogInit: XAudio2 using 'Speakers (2- Plantronics GameCom 780)' : 2 channels at 48 kHz using 16 bits per sample (channel mask 0x3)
[2018.02.15-11.07.23:461][533]LogInit: FAudioDevice initialized.
[2018.02.15-11.07.23:496][533]LogLoad: Game class is 'ThirdPersonGameMode_C'
[2018.02.15-11.07.23:500][533]LogWorld: Bringing World /Game/ThirdPersonBP/Maps/UEDPIE_0_ThirdPersonExampleMap.ThirdPersonExampleMap up for play (max tick rate 0) at 2018.02.15-11.07.23
[2018.02.15-11.07.23:500][533]LogWorld: Bringing up level for play took: 0.002440
[2018.02.15-11.07.23:501][533]PIE: Play in editor start time for /Game/ThirdPersonBP/Maps/UEDPIE_0_ThirdPersonExampleMap 0.423
[2018.02.15-11.07.23:502][533]LogBlueprintUserMessages: Late PlayInEditor Detection: Level '/Game/ThirdPersonBP/Maps/ThirdPersonExampleMap.ThirdPersonExampleMap:PersistentLevel' has LevelScriptBlueprint '/Game/ThirdPersonBP/Maps/ThirdPersonExampleMap.ThirdPersonExampleMap:PersistentLevel.ThirdPersonExampleMap' with GeneratedClass '/Game/ThirdPersonBP/Maps/ThirdPersonExampleMap.ThirdPersonExampleMap_C' with ClassGeneratedBy '/Game/ThirdPersonBP/Maps/ThirdPersonExampleMap.ThirdPersonExampleMap:PersistentLevel.ThirdPersonExampleMap'
[2018.02.15-11.07.47:722][429]LogBlueprintUserMessages: Early EndPlayMap Detection: Level '/Game/ThirdPersonBP/Maps/ThirdPersonExampleMap.ThirdPersonExampleMap:PersistentLevel' has LevelScriptBlueprint '/Game/ThirdPersonBP/Maps/ThirdPersonExampleMap.ThirdPersonExampleMap:PersistentLevel.ThirdPersonExampleMap' with GeneratedClass '/Game/ThirdPersonBP/Maps/ThirdPersonExampleMap.ThirdPersonExampleMap_C' with ClassGeneratedBy '/Game/ThirdPersonBP/Maps/ThirdPersonExampleMap.ThirdPersonExampleMap:PersistentLevel.ThirdPersonExampleMap'
[2018.02.15-11.07.47:761][429]LogBlueprintUserMessages: Late EndPlayMap Detection: Level '/Game/ThirdPersonBP/Maps/ThirdPersonExampleMap.ThirdPersonExampleMap:PersistentLevel' has LevelScriptBlueprint '/Game/ThirdPersonBP/Maps/ThirdPersonExampleMap.ThirdPersonExampleMap:PersistentLevel.ThirdPersonExampleMap' with GeneratedClass '/Game/ThirdPersonBP/Maps/ThirdPersonExampleMap.ThirdPersonExampleMap_C' with ClassGeneratedBy '/Game/ThirdPersonBP/Maps/ThirdPersonExampleMap.ThirdPersonExampleMap:PersistentLevel.ThirdPersonExampleMap'
[2018.02.15-11.08.08:060][211]LogContentBrowser: Native class hierarchy updated for 'SkeletonEditor' in 0.0003 seconds. Added 1 classes and 2 folders.
[2018.02.15-11.08.08:547][211]LogActorComponent: RegisterComponentWithWorld: (/Engine/Transient.World_9:PersistentLevel.Actor_0.DebugSkelMeshComponent_0) Already registered. Aborting.
[2018.02.15-11.08.08:904][211]LogSkeletalMesh: USkeletalMeshComponent::InitArticulated : Bodies already created (/Engine/Transient.World_9:PersistentLevel.Actor_0.DebugSkelMeshComponent_0) - call TermArticulated first.
[2018.02.15-11.08.09:340][211]LogContentBrowser: Native class hierarchy updated for 'ClothingSystemEditorInterface' in 0.0003 seconds. Added 1 classes and 0 folders.
[2018.02.15-11.08.42:569][158]BlueprintLog: New page: Compile mechAnim
[2018.02.15-11.08.44:953][369]LogTemp: Repeating last play command: Selected Viewport
[2018.02.15-11.08.44:969][369]LogBlueprintUserMessages: Early PlayInEditor Detection: Level '/Game/ThirdPersonBP/Maps/ThirdPersonExampleMap.ThirdPersonExampleMap:PersistentLevel' has LevelScriptBlueprint '/Game/ThirdPersonBP/Maps/ThirdPersonExampleMap.ThirdPersonExampleMap:PersistentLevel.ThirdPersonExampleMap' with GeneratedClass '/Game/ThirdPersonBP/Maps/ThirdPersonExampleMap.ThirdPersonExampleMap_C' with ClassGeneratedBy '/Game/ThirdPersonBP/Maps/ThirdPersonExampleMap.ThirdPersonExampleMap:PersistentLevel.ThirdPersonExampleMap'
[2018.02.15-11.08.44:969][369]LogPlayLevel: PlayLevel: No blueprints needed recompiling
[2018.02.15-11.08.44:969][369]PIE: New page: PIE session: ThirdPersonExampleMap (15 Feb 2018 11:08:44)
[2018.02.15-11.08.44:969][369]LogPlayLevel: Creating play world package: /Game/ThirdPersonBP/Maps/UEDPIE_0_ThirdPersonExampleMap
[2018.02.15-11.08.44:993][369]LogPlayLevel: PIE: StaticDuplicateObject took: (0.024068s)
[2018.02.15-11.08.44:994][369]LogAIModule: Creating AISystem for world ThirdPersonExampleMap
[2018.02.15-11.08.44:994][369]LogPlayLevel: PIE: World Init took: (0.001086s)
[2018.02.15-11.08.44:995][369]LogPlayLevel: PIE: Created PIE world by copying editor world from /Game/ThirdPersonBP/Maps/ThirdPersonExampleMap.ThirdPersonExampleMap to /Game/ThirdPersonBP/Maps/UEDPIE_0_ThirdPersonExampleMap.ThirdPersonExampleMap (0.025527s)
[2018.02.15-11.08.45:078][369]LogInit: XAudio2 using 'Speakers (2- Plantronics GameCom 780)' : 2 channels at 48 kHz using 16 bits per sample (channel mask 0x3)
[2018.02.15-11.08.45:087][369]LogInit: FAudioDevice initialized.
[2018.02.15-11.08.45:119][369]LogLoad: Game class is 'ThirdPersonGameMode_C'
[2018.02.15-11.08.45:123][369]LogWorld: Bringing World /Game/ThirdPersonBP/Maps/UEDPIE_0_ThirdPersonExampleMap.ThirdPersonExampleMap up for play (max tick rate 0) at 2018.02.15-11.08.45
[2018.02.15-11.08.45:124][369]LogWorld: Bringing up level for play took: 0.003440
[2018.02.15-11.08.45:126][369]PIE: Play in editor start time for /Game/ThirdPersonBP/Maps/UEDPIE_0_ThirdPersonExampleMap 0.047
[2018.02.15-11.08.45:127][369]LogBlueprintUserMessages: Late PlayInEditor Detection: Level '/Game/ThirdPersonBP/Maps/ThirdPersonExampleMap.ThirdPersonExampleMap:PersistentLevel' has LevelScriptBlueprint '/Game/ThirdPersonBP/Maps/ThirdPersonExampleMap.ThirdPersonExampleMap:PersistentLevel.ThirdPersonExampleMap' with GeneratedClass '/Game/ThirdPersonBP/Maps/ThirdPersonExampleMap.ThirdPersonExampleMap_C' with ClassGeneratedBy '/Game/ThirdPersonBP/Maps/ThirdPersonExampleMap.ThirdPersonExampleMap:PersistentLevel.ThirdPersonExampleMap'
[2018.02.15-11.08.48:985][824]LogBlueprintUserMessages: Early EndPlayMap Detection: Level '/Game/ThirdPersonBP/Maps/ThirdPersonExampleMap.ThirdPersonExampleMap:PersistentLevel' has LevelScriptBlueprint '/Game/ThirdPersonBP/Maps/ThirdPersonExampleMap.ThirdPersonExampleMap:PersistentLevel.ThirdPersonExampleMap' with GeneratedClass '/Game/ThirdPersonBP/Maps/ThirdPersonExampleMap.ThirdPersonExampleMap_C' with ClassGeneratedBy '/Game/ThirdPersonBP/Maps/ThirdPersonExampleMap.ThirdPersonExampleMap:PersistentLevel.ThirdPersonExampleMap'
[2018.02.15-11.08.49:028][824]LogBlueprintUserMessages: Late EndPlayMap Detection: Level '/Game/ThirdPersonBP/Maps/ThirdPersonExampleMap.ThirdPersonExampleMap:PersistentLevel' has LevelScriptBlueprint '/Game/ThirdPersonBP/Maps/ThirdPersonExampleMap.ThirdPersonExampleMap:PersistentLevel.ThirdPersonExampleMap' with GeneratedClass '/Game/ThirdPersonBP/Maps/ThirdPersonExampleMap.ThirdPersonExampleMap_C' with ClassGeneratedBy '/Game/ThirdPersonBP/Maps/ThirdPersonExampleMap.ThirdPersonExampleMap:PersistentLevel.ThirdPersonExampleMap'
[2018.02.15-11.09.02:134][947]LogD3D11RHI: Timed out while waiting for GPU to catch up. (0.5 s)
[2018.02.15-11.09.02:636][947]LogD3D11RHI: Timed out while waiting for GPU to catch up. (0.5 s)
[2018.02.15-11.09.03:135][947]LogD3D11RHI: Timed out while waiting for GPU to catch up. (0.5 s)
[2018.02.15-11.09.04:172][947]LogD3D11RHI: Timed out while waiting for GPU to catch up. (0.5 s)
