Log file open, 02/14/18 16:57:12
LogWindows: Failed to load 'aqProf.dll' (GetLastError=126)
LogWindows: File 'aqProf.dll' does not exist
LogWindows: Failed to load 'VSPerf140.dll' (GetLastError=126)
LogWindows: File 'VSPerf140.dll' does not exist
LogWindows: Failed to load 'VtuneApi.dll' (GetLastError=126)
LogWindows: File 'VtuneApi.dll' does not exist
LogWindows: Failed to load 'VtuneApi32e.dll' (GetLastError=126)
LogWindows: File 'VtuneApi32e.dll' does not exist
LogInit: Display: Running engine for game: Mech_Animation
LogPlatformFile: Not using cached read wrapper
LogInit: Display: RandInit(432306262) SRandInit(432306262).
LogInit: Read version file with build ID '3709383'
LogInit: Overriding engine version to CL 3832480, compatible CL 3709383
LogInit: Registered custom module enumerator with build ID '3709383'
LogTaskGraph: Started task graph with 5 named threads and 53 total threads with 3 sets of task threads.
LogStats: Stats thread started at 0.592143
LogD3D11RHI: Aftermath initialized
LogModuleManager: Display: Found up-to-date module file ../../../Engine/Plugins/2D/Paper2D/Binaries/Win64/UE4Editor-Paper2D.dll (API version 3709383).
LogModuleManager: Display: Found up-to-date module file ../../../Engine/Plugins/2D/Paper2D/Binaries/Win64/UE4Editor-Paper2DEditor.dll (API version 3709383).
LogModuleManager: Display: Found up-to-date module file ../../../Engine/Plugins/2D/Paper2D/Binaries/Win64/UE4Editor-PaperSpriteSheetImporter.dll (API version 3709383).
LogModuleManager: Display: Found up-to-date module file ../../../Engine/Plugins/2D/Paper2D/Binaries/Win64/UE4Editor-PaperTiledImporter.dll (API version 3709383).
LogModuleManager: Display: Found up-to-date module file ../../../Engine/Plugins/2D/Paper2D/Binaries/Win64/UE4Editor-SmartSnapping.dll (API version 3709383).
LogModuleManager: Display: Found up-to-date module file ../../../Engine/Plugins/Blendables/LightPropagationVolume/Binaries/Win64/UE4Editor-LightPropagationVolumeRuntime.dll (API version 3709383).
LogModuleManager: Display: Found up-to-date module file ../../../Engine/Plugins/Blendables/LightPropagationVolume/Binaries/Win64/UE4Editor-LightPropagationVolumeEditor.dll (API version 3709383).
LogModuleManager: Display: Found up-to-date module file ../../../Engine/Plugins/Developer/GitSourceControl/Binaries/Win64/UE4Editor-GitSourceControl.dll (API version 3709383).
LogModuleManager: Display: Found up-to-date module file ../../../Engine/Plugins/Developer/PerforceSourceControl/Binaries/Win64/UE4Editor-PerforceSourceControl.dll (API version 3709383).
LogModuleManager: Display: Found up-to-date module file ../../../Engine/Plugins/Developer/SubversionSourceControl/Binaries/Win64/UE4Editor-SubversionSourceControl.dll (API version 3709383).
LogModuleManager: Display: Found up-to-date module file ../../../Engine/Plugins/Developer/UObjectPlugin/Binaries/Win64/UE4Editor-UObjectPlugin.dll (API version 3709383).
LogModuleManager: Display: Found up-to-date module file ../../../Engine/Plugins/Developer/VisualStudioCodeSourceCodeAccess/Binaries/Win64/UE4Editor-VisualStudioCodeSourceCodeAccess.dll (API version 3709383).
LogModuleManager: Display: Found up-to-date module file ../../../Engine/Plugins/Developer/VisualStudioSourceCodeAccess/Binaries/Win64/UE4Editor-VisualStudioSourceCodeAccess.dll (API version 3709383).
LogModuleManager: Display: Found up-to-date module file ../../../Engine/Plugins/Editor/AssetManagerEditor/Binaries/Win64/UE4Editor-AssetManagerEditor.dll (API version 3709383).
LogModuleManager: Display: Found up-to-date module file ../../../Engine/Plugins/Editor/AudioCapture/Binaries/Win64/UE4Editor-AudioCapture.dll (API version 3709383).
LogModuleManager: Display: Found up-to-date module file ../../../Engine/Plugins/Editor/FacialAnimation/Binaries/Win64/UE4Editor-FacialAnimation.dll (API version 3709383).
LogModuleManager: Display: Found up-to-date module file ../../../Engine/Plugins/Editor/FacialAnimation/Binaries/Win64/UE4Editor-FacialAnimationEditor.dll (API version 3709383).
LogModuleManager: Display: Found up-to-date module file ../../../Engine/Plugins/Editor/GameplayTagsEditor/Binaries/Win64/UE4Editor-GameplayTagsEditor.dll (API version 3709383).
LogModuleManager: Display: Found up-to-date module file ../../../Engine/Plugins/Editor/MobileLauncherProfileWizard/Binaries/Win64/UE4Editor-MobileLauncherProfileWizard.dll (API version 3709383).
LogModuleManager: Display: Found up-to-date module file ../../../Engine/Plugins/Editor/PluginBrowser/Binaries/Win64/UE4Editor-PluginBrowser.dll (API version 3709383).
LogModuleManager: Display: Found up-to-date module file ../../../Engine/Plugins/Editor/SpeedTreeImporter/Binaries/Win64/UE4Editor-SpeedTreeImporter.dll (API version 3709383).
LogModuleManager: Display: Found up-to-date module file ../../../Engine/Plugins/Experimental/AlembicImporter/Binaries/Win64/UE4Editor-AlembicImporter.dll (API version 3709383).
LogModuleManager: Display: Found up-to-date module file ../../../Engine/Plugins/Experimental/AlembicImporter/Binaries/Win64/UE4Editor-AlembicLibrary.dll (API version 3709383).
LogModuleManager: Display: Found up-to-date module file ../../../Engine/Plugins/Experimental/CharacterAI/Binaries/Win64/UE4Editor-CharacterAI.dll (API version 3709383).
LogModuleManager: Display: Found up-to-date module file ../../../Engine/Plugins/Experimental/HTML5Networking/Binaries/Win64/UE4Editor-HTML5Networking.dll (API version 3709383).
LogModuleManager: Display: Found up-to-date module file ../../../Engine/Plugins/Media/AndroidMedia/Binaries/Win64/UE4Editor-AndroidMediaEditor.dll (API version 3709383).
LogModuleManager: Display: Found up-to-date module file ../../../Engine/Plugins/Media/AndroidMedia/Binaries/Win64/UE4Editor-AndroidMediaFactory.dll (API version 3709383).
LogModuleManager: Display: Found up-to-date module file ../../../Engine/Plugins/Media/AvfMedia/Binaries/Win64/UE4Editor-AvfMediaEditor.dll (API version 3709383).
LogModuleManager: Display: Found up-to-date module file ../../../Engine/Plugins/Media/AvfMedia/Binaries/Win64/UE4Editor-AvfMediaFactory.dll (API version 3709383).
LogModuleManager: Display: Found up-to-date module file ../../../Engine/Plugins/Media/AvfMedia/Binaries/Win64/UE4Editor-AvfMediaFactory.dll (API version 3709383).
LogModuleManager: Display: Found up-to-date module file ../../../Engine/Plugins/Media/ImgMedia/Binaries/Win64/UE4Editor-ImgMedia.dll (API version 3709383).
LogModuleManager: Display: Found up-to-date module file ../../../Engine/Plugins/Media/ImgMedia/Binaries/Win64/UE4Editor-ImgMediaEditor.dll (API version 3709383).
LogModuleManager: Display: Found up-to-date module file ../../../Engine/Plugins/Media/ImgMedia/Binaries/Win64/UE4Editor-ImgMediaFactory.dll (API version 3709383).
LogModuleManager: Display: Found up-to-date module file ../../../Engine/Plugins/Media/ImgMedia/Binaries/Win64/UE4Editor-ImgMediaFactory.dll (API version 3709383).
LogModuleManager: Display: Found up-to-date module file ../../../Engine/Plugins/Media/ImgMedia/Binaries/Win64/UE4Editor-OpenExrWrapper.dll (API version 3709383).
LogModuleManager: Display: Found up-to-date module file ../../../Engine/Plugins/Media/MediaCompositing/Binaries/Win64/UE4Editor-MediaCompositing.dll (API version 3709383).
LogModuleManager: Display: Found up-to-date module file ../../../Engine/Plugins/Media/MediaCompositing/Binaries/Win64/UE4Editor-MediaCompositingEditor.dll (API version 3709383).
LogModuleManager: Display: Found up-to-date module file ../../../Engine/Plugins/Media/MediaPlayerEditor/Binaries/Win64/UE4Editor-MediaPlayerEditor.dll (API version 3709383).
LogModuleManager: Display: Found up-to-date module file ../../../Engine/Plugins/Media/WmfMedia/Binaries/Win64/UE4Editor-WmfMedia.dll (API version 3709383).
LogModuleManager: Display: Found up-to-date module file ../../../Engine/Plugins/Media/WmfMedia/Binaries/Win64/UE4Editor-WmfMediaEditor.dll (API version 3709383).
LogModuleManager: Display: Found up-to-date module file ../../../Engine/Plugins/Media/WmfMedia/Binaries/Win64/UE4Editor-WmfMediaFactory.dll (API version 3709383).
LogModuleManager: Display: Found up-to-date module file ../../../Engine/Plugins/Media/WmfMedia/Binaries/Win64/UE4Editor-WmfMediaFactory.dll (API version 3709383).
LogModuleManager: Display: Found up-to-date module file ../../../Engine/Plugins/Messaging/TcpMessaging/Binaries/Win64/UE4Editor-TcpMessaging.dll (API version 3709383).
LogModuleManager: Display: Found up-to-date module file ../../../Engine/Plugins/Messaging/UdpMessaging/Binaries/Win64/UE4Editor-UdpMessaging.dll (API version 3709383).
LogModuleManager: Display: Found up-to-date module file ../../../Engine/Plugins/MovieScene/ActorSequence/Binaries/Win64/UE4Editor-ActorSequence.dll (API version 3709383).
LogModuleManager: Display: Found up-to-date module file ../../../Engine/Plugins/MovieScene/LevelSequenceEditor/Binaries/Win64/UE4Editor-LevelSequenceEditor.dll (API version 3709383).
LogModuleManager: Display: Found up-to-date module file ../../../Engine/Plugins/MovieScene/MatineeToLevelSequence/Binaries/Win64/UE4Editor-MatineeToLevelSequence.dll (API version 3709383).
LogModuleManager: Display: Found up-to-date module file ../../../Engine/Plugins/Online/OnlineSubsystem/Binaries/Win64/UE4Editor-OnlineSubsystem.dll (API version 3709383).
LogModuleManager: Display: Found up-to-date module file ../../../Engine/Plugins/Runtime/AndroidPermission/Binaries/Win64/UE4Editor-AndroidPermission.dll (API version 3709383).
LogModuleManager: Display: Found up-to-date module file ../../../Engine/Plugins/Online/OnlineSubsystemNull/Binaries/Win64/UE4Editor-OnlineSubsystemNull.dll (API version 3709383).
LogModuleManager: Display: Found up-to-date module file ../../../Engine/Plugins/Online/OnlineSubsystemUtils/Binaries/Win64/UE4Editor-OnlineSubsystemUtils.dll (API version 3709383).
LogModuleManager: Display: Found up-to-date module file ../../../Engine/Plugins/Online/OnlineSubsystemUtils/Binaries/Win64/UE4Editor-OnlineBlueprintSupport.dll (API version 3709383).
LogModuleManager: Display: Found up-to-date module file ../../../Engine/Plugins/Runtime/AndroidDeviceProfileSelector/Binaries/Win64/UE4Editor-AndroidDeviceProfileSelector.dll (API version 3709383).
LogModuleManager: Display: Found up-to-date module file ../../../Engine/Plugins/Runtime/AppleARKit/Binaries/Win64/UE4Editor-AppleARKit.dll (API version 3709383).
LogModuleManager: Display: Found up-to-date module file ../../../Engine/Plugins/Runtime/ArchVisCharacter/Binaries/Win64/UE4Editor-ArchVisCharacter.dll (API version 3709383).
LogModuleManager: Display: Found up-to-date module file ../../../Engine/Plugins/Runtime/CableComponent/Binaries/Win64/UE4Editor-CableComponent.dll (API version 3709383).
LogModuleManager: Display: Found up-to-date module file ../../../Engine/Plugins/Runtime/CustomMeshComponent/Binaries/Win64/UE4Editor-CustomMeshComponent.dll (API version 3709383).
LogModuleManager: Display: Found up-to-date module file ../../../Engine/Plugins/Runtime/ExampleDeviceProfileSelector/Binaries/Win64/UE4Editor-ExampleDeviceProfileSelector.dll (API version 3709383).
LogModuleManager: Display: Found up-to-date module file ../../../Engine/Plugins/Runtime/ImmediatePhysics/Binaries/Win64/UE4Editor-ImmediatePhysics.dll (API version 3709383).
LogModuleManager: Display: Found up-to-date module file ../../../Engine/Plugins/Runtime/ImmediatePhysics/Binaries/Win64/UE4Editor-ImmediatePhysicsEditor.dll (API version 3709383).
LogModuleManager: Display: Found up-to-date module file ../../../Engine/Plugins/Runtime/LocationServicesBPLibrary/Binaries/Win64/UE4Editor-LocationServicesBPLibrary.dll (API version 3709383).
LogModuleManager: Display: Found up-to-date module file ../../../Engine/Plugins/Runtime/MobilePatchingUtils/Binaries/Win64/UE4Editor-MobilePatchingUtils.dll (API version 3709383).
LogModuleManager: Display: Found up-to-date module file ../../../Engine/Plugins/Runtime/Oculus/OculusVR/Binaries/Win64/UE4Editor-OculusHMD.dll (API version 3709383).
LogModuleManager: Display: Found up-to-date module file ../../../Engine/Plugins/Runtime/Oculus/OculusVR/Binaries/Win64/UE4Editor-OculusInput.dll (API version 3709383).
LogModuleManager: Display: Found up-to-date module file ../../../Engine/Plugins/Runtime/Oculus/OculusVR/Binaries/Win64/UE4Editor-OculusEditor.dll (API version 3709383).
LogModuleManager: Display: Found up-to-date module file ../../../Engine/Plugins/Runtime/PhysXVehicles/Binaries/Win64/UE4Editor-PhysXVehicles.dll (API version 3709383).
LogModuleManager: Display: Found up-to-date module file ../../../Engine/Plugins/Runtime/PhysXVehicles/Binaries/Win64/UE4Editor-PhysXVehiclesEditor.dll (API version 3709383).
LogModuleManager: Display: Found up-to-date module file ../../../Engine/Plugins/Runtime/ProceduralMeshComponent/Binaries/Win64/UE4Editor-ProceduralMeshComponent.dll (API version 3709383).
LogModuleManager: Display: Found up-to-date module file ../../../Engine/Plugins/Runtime/ProceduralMeshComponent/Binaries/Win64/UE4Editor-ProceduralMeshComponentEditor.dll (API version 3709383).
LogModuleManager: Display: Found up-to-date module file ../../../Engine/Plugins/Runtime/RuntimePhysXCooking/Binaries/Win64/UE4Editor-RuntimePhysXCooking.dll (API version 3709383).
LogModuleManager: Display: Found up-to-date module file ../../../Engine/Plugins/Runtime/Steam/SteamVR/Binaries/Win64/UE4Editor-SteamVR.dll (API version 3709383).
LogModuleManager: Display: Found up-to-date module file ../../../Engine/Plugins/Runtime/Steam/SteamVR/Binaries/Win64/UE4Editor-SteamVRController.dll (API version 3709383).
LogModuleManager: Display: Found up-to-date module file ../../../Engine/Plugins/Runtime/WindowsMoviePlayer/Binaries/Win64/UE4Editor-WindowsMoviePlayer.dll (API version 3709383).
LogPluginManager: Mounting plugin Paper2D
LogPluginManager: Mounting plugin LightPropagationVolume
LogPluginManager: Mounting plugin CodeLiteSourceCodeAccess
LogPluginManager: Mounting plugin GitSourceControl
LogPluginManager: Mounting plugin KDevelopSourceCodeAccess
LogPluginManager: Mounting plugin NullSourceCodeAccess
LogPluginManager: Mounting plugin PerforceSourceControl
LogPluginManager: Mounting plugin SubversionSourceControl
LogPluginManager: Mounting plugin UObjectPlugin
LogPluginManager: Mounting plugin VisualStudioCodeSourceCodeAccess
LogPluginManager: Mounting plugin VisualStudioSourceCodeAccess
LogPluginManager: Mounting plugin XCodeSourceCodeAccess
LogPluginManager: Mounting plugin AssetManagerEditor
LogPluginManager: Mounting plugin AudioCapture
LogPluginManager: Mounting plugin FacialAnimation
LogPluginManager: Mounting plugin GameplayTagsEditor
LogPluginManager: Mounting plugin MobileLauncherProfileWizard
LogPluginManager: Mounting plugin PluginBrowser
LogPluginManager: Mounting plugin SpeedTreeImporter
LogPluginManager: Mounting plugin AlembicImporter
LogPluginManager: Mounting plugin CharacterAI
LogPluginManager: Mounting plugin HTML5Networking
LogPluginManager: Mounting plugin AndroidMedia
LogPluginManager: Mounting plugin AvfMedia
LogPluginManager: Mounting plugin ImgMedia
LogPluginManager: Mounting plugin MediaCompositing
LogPluginManager: Mounting plugin MediaPlayerEditor
LogPluginManager: Mounting plugin WmfMedia
LogPluginManager: Mounting plugin TcpMessaging
LogPluginManager: Mounting plugin UdpMessaging
LogPluginManager: Mounting plugin ActorSequence
LogPluginManager: Mounting plugin LevelSequenceEditor
LogPluginManager: Mounting plugin MatineeToLevelSequence
LogPluginManager: Mounting plugin OnlineSubsystemGooglePlay
LogPluginManager: Mounting plugin OnlineSubsystemIOS
LogPluginManager: Mounting plugin OnlineSubsystem
LogPluginManager: Mounting plugin OnlineSubsystemNull
LogPluginManager: Mounting plugin OnlineSubsystemUtils
LogPluginManager: Mounting plugin AndroidDeviceProfileSelector
LogPluginManager: Mounting plugin AndroidMoviePlayer
LogPluginManager: Mounting plugin AndroidPermission
LogPluginManager: Mounting plugin AppleARKit
LogPluginManager: Mounting plugin AppleMoviePlayer
LogPluginManager: Mounting plugin ArchVisCharacter
LogPluginManager: Mounting plugin CableComponent
LogPluginManager: Mounting plugin CustomMeshComponent
LogPluginManager: Mounting plugin ExampleDeviceProfileSelector
LogPluginManager: Mounting plugin GoogleCloudMessaging
LogPluginManager: Mounting plugin ImmediatePhysics
LogPluginManager: Mounting plugin IOSDeviceProfileSelector
LogPluginManager: Mounting plugin LinuxDeviceProfileSelector
LogPluginManager: Mounting plugin LocationServicesBPLibrary
LogPluginManager: Mounting plugin MobilePatchingUtils
LogPluginManager: Mounting plugin OculusVR
LogPluginManager: Plugin shader directory ../../../Engine/Plugins/Runtime/Oculus/OculusVR/Shaders found
LogPluginManager: Mapping shader source directory ../../../Engine/Plugins/Runtime/Oculus/OculusVR/Shaders to virtual directory /Plugin/OculusVR
LogPluginManager: Mounting plugin PhysXVehicles
LogPluginManager: Mounting plugin ProceduralMeshComponent
LogPluginManager: Mounting plugin RuntimePhysXCooking
LogPluginManager: Mounting plugin SteamVR
LogPluginManager: Mounting plugin WindowsMoviePlayer
LogInit: Using libcurl 7.47.1
LogInit:  - built for x86_64-pc-win32
LogInit:  - supports SSL with OpenSSL/1.0.2g
LogInit:  - supports HTTP deflate (compression) using libz 1.2.8
LogInit:  - other features:
LogInit:      CURL_VERSION_SSL
LogInit:      CURL_VERSION_LIBZ
LogInit:      CURL_VERSION_IPV6
LogInit:      CURL_VERSION_ASYNCHDNS
LogInit:      CURL_VERSION_LARGEFILE
LogInit:      CURL_VERSION_IDN
LogInit:  CurlRequestOptions (configurable via config and command line):
LogInit:  - bVerifyPeer = false  - Libcurl will NOT verify peer certificate
LogInit:  - bUseHttpProxy = false  - Libcurl will NOT use HTTP proxy
LogInit:  - bDontReuseConnections = false  - Libcurl will reuse connections
LogInit:  - CertBundlePath = nullptr  - Libcurl will use whatever was configured at build time.
LogInit: Build: ++UE4+Release-4.18-CL-3832480
LogInit: Engine Version: 4.18.3-3832480+++UE4+Release-4.18
LogInit: Compatible Engine Version: 4.18.0-3709383+++UE4+Release-4.18
LogInit: Net CL: 3709383
LogDevObjectVersion: Number of dev versions registered: 16
LogDevObjectVersion:   Dev-Blueprints (B0D832E4-1F89-4F0D-ACCF-7EB736FD4AA2): 10
LogDevObjectVersion:   Dev-Build (E1C64328-A22C-4D53-A36C-8E866417BD8C): 0
LogDevObjectVersion:   Dev-Core (375EC13C-06E4-48FB-B500-84F0262A717E): 2
LogDevObjectVersion:   Dev-Editor (E4B068ED-F494-42E9-A231-DA0B2E46BB41): 20
LogDevObjectVersion:   Dev-Framework (CFFC743F-43B0-4480-9391-14DF171D2073): 30
LogDevObjectVersion:   Dev-Mobile (B02B49B5-BB20-44E9-A304-32B752E40360): 0
LogDevObjectVersion:   Dev-Networking (A4E4105C-59A1-49B5-A7C5-40C4547EDFEE): 0
LogDevObjectVersion:   Dev-Online (39C831C9-5AE6-47DC-9A44-9C173E1C8E7C): 0
LogDevObjectVersion:   Dev-Physics (78F01B33-EBEA-4F98-B9B4-84EACCB95AA2): 0
LogDevObjectVersion:   Dev-Platform (6631380F-2D4D-43E0-8009-CF276956A95A): 0
LogDevObjectVersion:   Dev-Rendering (12F88B9F-8875-4AFC-A67C-D90C383ABD29): 20
LogDevObjectVersion:   Dev-Sequencer (7B5AE74C-D270-4C10-A958-57980B212A5A): 4
LogDevObjectVersion:   Dev-VR (D7296918-1DD6-4BDD-9DE2-64A83CC13884): 0
LogDevObjectVersion:   Dev-LoadTimes (C2A15278-BFE7-4AFE-6C17-90FF531DF755): 1
LogDevObjectVersion:   Private-Geometry (6EACA3D4-40EC-4CC1-B786-8BED09428FC5): 1
LogDevObjectVersion:   Dev-AnimPhys (29E575DD-E0A3-4627-9D10-D276232CDCEA): 12
LogInit: Compiled (64-bit): Jan 12 2018 02:04:55
LogInit: Compiled with Visual C++: 19.00.24215.01
LogInit: Build Configuration: Development
LogInit: Branch Name: ++UE4+Release-4.18
LogInit: Command line: -EpicPortal 
LogInit: Base directory: F:/Unreal/UE_4.18/Engine/Binaries/Win64/
LogInit: Installed Engine Build: 1
LogInit: Presizing for max 8388607 objects, including 0 objects not considered by GC, pre-allocating 0 bytes for permanent pool.
LogInit: Object subsystem initialized
[2018.02.14-16.57.13:564][  0]LogInit: Selected Device Profile: [Windows]
[2018.02.14-16.57.13:564][  0]LogInit: Applying CVar settings loaded from the selected device profile: [Windows]
[2018.02.14-16.57.13:585][  0]LogInit: Computer: DESKTOP-CE490NB
[2018.02.14-16.57.13:585][  0]LogInit: User: Jaybt
[2018.02.14-16.57.13:585][  0]LogInit: CPU Page size=4096, Cores=28
[2018.02.14-16.57.13:585][  0]LogInit: High frequency timer resolution =2.148441 MHz
[2018.02.14-16.57.13:585][  0]LogMemory: Memory total: Physical=31.9GB (32GB approx)
[2018.02.14-16.57.13:585][  0]LogMemory: Platform Memory Stats for Windows
[2018.02.14-16.57.13:585][  0]LogMemory: Process Physical Memory: 283.68 MB used, 283.68 MB peak
[2018.02.14-16.57.13:585][  0]LogMemory: Process Virtual Memory: 281.61 MB used, 281.61 MB peak
[2018.02.14-16.57.13:585][  0]LogMemory: Physical Memory: 4913.52 MB used,  27721.60 MB free, 32635.13 MB total
[2018.02.14-16.57.13:585][  0]LogMemory: Virtual Memory: 721.38 MB used,  27721.60 MB free, 134217728.00 MB total
[2018.02.14-16.57.13:723][  0]LogInit: Using OS detected language (en-GB).
[2018.02.14-16.57.13:723][  0]LogInit: Using OS detected locale (en-GB).
[2018.02.14-16.57.13:727][  0]LogTextLocalizationManager: No specific localization for 'en-GB' exists, so the 'en' localization will be used.
[2018.02.14-16.57.14:288][  0]LogInit: Setting process to per monitor DPI aware
[2018.02.14-16.57.14:603][  0]LogD3D11RHI: D3D11 adapters:
[2018.02.14-16.57.14:630][  0]LogD3D11RHI:    0. 'AMD Radeon R9 200 / HD 7900 Series' (Feature Level 11_0)
[2018.02.14-16.57.14:630][  0]LogD3D11RHI:       3052/0/16317 MB DedicatedVideo/DedicatedSystem/SharedSystem, Outputs:1, VendorId:0x1002
[2018.02.14-16.57.14:633][  0]LogD3D11RHI:    1. 'Microsoft Basic Render Driver' (Feature Level 11_0)
[2018.02.14-16.57.14:633][  0]LogD3D11RHI:       0/0/16317 MB DedicatedVideo/DedicatedSystem/SharedSystem, Outputs:0, VendorId:0x1414
[2018.02.14-16.57.14:633][  0]LogD3D11RHI: Chosen D3D11 Adapter: 0
[2018.02.14-16.57.14:641][  0]LogD3D11RHI: Creating new Direct3DDevice
[2018.02.14-16.57.14:641][  0]LogD3D11RHI:     GPU DeviceId: 0x6798 (for the marketing name, search the web for "GPU Device Id")
[2018.02.14-16.57.14:641][  0]LogWindows: EnumDisplayDevices:
[2018.02.14-16.57.14:641][  0]LogWindows:    0. 'AMD Radeon R9 200 / HD 7900 Series' (P:1 D:1)
[2018.02.14-16.57.14:641][  0]LogWindows:    1. 'AMD Radeon R9 200 / HD 7900 Series' (P:0 D:0)
[2018.02.14-16.57.14:641][  0]LogWindows:    2. 'AMD Radeon R9 200 / HD 7900 Series' (P:0 D:0)
[2018.02.14-16.57.14:641][  0]LogWindows:    3. 'AMD Radeon R9 200 / HD 7900 Series' (P:0 D:0)
[2018.02.14-16.57.14:641][  0]LogWindows:    4. 'AMD Radeon R9 200 / HD 7900 Series' (P:0 D:0)
[2018.02.14-16.57.14:642][  0]LogWindows:    5. 'AMD Radeon R9 200 / HD 7900 Series' (P:0 D:0)
[2018.02.14-16.57.14:642][  0]LogWindows:    6. 'AMD Radeon R9 200 / HD 7900 Series' (P:0 D:0)
[2018.02.14-16.57.14:642][  0]LogWindows:    7. 'AMD Radeon R9 200 / HD 7900 Series' (P:0 D:0)
[2018.02.14-16.57.14:642][  0]LogWindows:    8. 'AMD Radeon R9 200 / HD 7900 Series' (P:0 D:0)
[2018.02.14-16.57.14:642][  0]LogWindows:    9. 'AMD Radeon R9 200 / HD 7900 Series' (P:0 D:0)
[2018.02.14-16.57.14:642][  0]LogWindows:    10. 'AMD Radeon R9 200 / HD 7900 Series' (P:0 D:0)
[2018.02.14-16.57.14:643][  0]LogWindows:    11. 'AMD Radeon R9 200 / HD 7900 Series' (P:0 D:0)
[2018.02.14-16.57.14:643][  0]LogWindows:    12. 'AMD Radeon R9 200 / HD 7900 Series' (P:0 D:0)
[2018.02.14-16.57.14:643][  0]LogWindows:    13. 'AMD Radeon R9 200 / HD 7900 Series' (P:0 D:0)
[2018.02.14-16.57.14:643][  0]LogWindows:    14. 'AMD Radeon R9 200 / HD 7900 Series' (P:0 D:0)
[2018.02.14-16.57.14:643][  0]LogWindows:    15. 'AMD Radeon R9 200 / HD 7900 Series' (P:0 D:0)
[2018.02.14-16.57.14:643][  0]LogWindows: DebugString: GetVideoDriverDetailsInvalid PrimaryIsNotTheChoosenAdapter GetVideoDriverDetailsInvalid PrimaryIsNotTheChoosenAdapter GetVideoDriverDetailsInvalid PrimaryIsNotTheChoosenAdapter GetVideoDriverDetailsInvalid PrimaryIsNotTheChoosenAdapter GetVideoDriverDetailsInvalid PrimaryIsNotTheChoosenAdapter GetVideoDriverDetailsInvalid PrimaryIsNotTheChoosenAdapter GetVideoDriverDetailsInvalid PrimaryIsNotTheChoosenAdapter GetVideoDriverDetailsInvalid PrimaryIsNotTheChoosenAdapter GetVideoDriverDetailsInvalid PrimaryIsNotTheChoosenAdapter GetVideoDriverDetailsInvalid PrimaryIsNotTheChoosenAdapter GetVideoDriverDetailsInvalid PrimaryIsNotTheChoosenAdapter GetVideoDriverDetailsInvalid PrimaryIsNotTheChoosenAdapter GetVideoDriverDetailsInvalid PrimaryIsNotTheChoosenAdapter GetVideoDriverDetailsInvalid PrimaryIsNotTheChoosenAdapter GetVideoDriverDetailsInvalid PrimaryIsNotTheChoosenAdapter GetVideoDriverDetailsInvalid PrimaryIsNotTheChoosenAdapter FoundDriverCount:0 
[2018.02.14-16.57.14:643][  0]LogD3D11RHI:     Adapter Name: AMD Radeon R9 200 / HD 7900 Series
[2018.02.14-16.57.14:643][  0]LogD3D11RHI:   Driver Version: Unknown (internal:Unknown, unified:Unknown)
[2018.02.14-16.57.14:643][  0]LogD3D11RHI:      Driver Date: Unknown
[2018.02.14-16.57.14:643][  0]LogRHI: Texture pool is 2136 MB (70% of 3052 MB)
[2018.02.14-16.57.14:696][  0]LogD3D11RHI: Async texture creation enabled
[2018.02.14-16.57.14:737][  0]LogD3D11RHI: GPU Timing Frequency: 27.000000 (Debug: 2 1)
[2018.02.14-16.57.14:746][  0]LogShaderCompilers: Guid format shader working directory is 1 characters bigger than the processId version (../../../../../Unreal_Projects/Mech_Animation/Intermediate/Shaders/WorkingDirectory/7240/).
[2018.02.14-16.57.14:746][  0]LogShaderCompilers: Cleaned the shader compiler working directory 'C:/Users/Jaybt/AppData/Local/Temp/UnrealShaderWorkingDir/1F924A6F43C3A66307CA59B09B6E395C/'.
[2018.02.14-16.57.14:746][  0]LogShaderCompilers: Display: Using Local Shader Compiler.
[2018.02.14-16.57.16:111][  0]LogTemp: Display: Loaded TP AllDesktopTargetPlatform
[2018.02.14-16.57.16:168][  0]LogTemp: Display: Loaded TP MacClientTargetPlatform
[2018.02.14-16.57.16:223][  0]LogTemp: Display: Loaded TP MacNoEditorTargetPlatform
[2018.02.14-16.57.16:280][  0]LogTemp: Display: Loaded TP MacServerTargetPlatform
[2018.02.14-16.57.16:336][  0]LogTemp: Display: Loaded TP MacTargetPlatform
[2018.02.14-16.57.16:402][  0]LogTemp: Display: Loaded TP WindowsClientTargetPlatform
[2018.02.14-16.57.16:458][  0]LogTemp: Display: Loaded TP WindowsNoEditorTargetPlatform
[2018.02.14-16.57.16:503][  0]LogTemp: Display: Loaded TP WindowsServerTargetPlatform
[2018.02.14-16.57.16:539][  0]LogTemp: Display: Loaded TP WindowsTargetPlatform
[2018.02.14-16.57.16:583][  0]LogTemp: Display: Loaded TP Android_ASTCTargetPlatform
[2018.02.14-16.57.16:632][  0]LogTemp: Display: Loaded TP Android_ATCTargetPlatform
[2018.02.14-16.57.16:676][  0]LogTemp: Display: Loaded TP Android_DXTTargetPlatform
[2018.02.14-16.57.16:719][  0]LogTemp: Display: Loaded TP Android_ETC1TargetPlatform
[2018.02.14-16.57.16:763][  0]LogTemp: Display: Loaded TP Android_ETC2TargetPlatform
[2018.02.14-16.57.16:849][  0]LogTemp: Display: Loaded TP Android_MultiTargetPlatform
[2018.02.14-16.57.16:849][  0]LogTemp: Display: Loaded TP Android_PVRTCTargetPlatform
[2018.02.14-16.57.16:893][  0]LogTemp: Display: Loaded TP AndroidTargetPlatform
[2018.02.14-16.57.16:925][  0]LogTemp: Display: Loaded TP HTML5TargetPlatform
[2018.02.14-16.57.17:004][  0]LogTemp: Display: Loaded TP IOSTargetPlatform
[2018.02.14-16.57.17:031][  0]LogTemp: Display: Loaded TP TVOSTargetPlatform
[2018.02.14-16.57.17:078][  0]LogTemp: Display: Loaded TP LinuxClientTargetPlatform
[2018.02.14-16.57.17:129][  0]LogTemp: Display: Loaded TP LinuxNoEditorTargetPlatform
[2018.02.14-16.57.17:196][  0]LogTemp: Display: Loaded TP LinuxServerTargetPlatform
[2018.02.14-16.57.17:243][  0]LogTemp: Display: Loaded TP LinuxTargetPlatform
[2018.02.14-16.57.17:243][  0]LogTargetPlatformManager: Display: Building Assets For Windows
[2018.02.14-16.57.17:721][  0]LogDerivedDataCache: Display: Max Cache Size: 512 MB
[2018.02.14-16.57.17:866][  0]LogDerivedDataCache: Loaded boot cache 0.14s 78MB C:/Users/Jaybt/AppData/Local/UnrealEngine/4.18/DerivedDataCache/Boot.ddc.
[2018.02.14-16.57.17:866][  0]LogDerivedDataCache: Display: Loaded Boot cache: C:/Users/Jaybt/AppData/Local/UnrealEngine/4.18/DerivedDataCache/Boot.ddc
[2018.02.14-16.57.17:866][  0]LogDerivedDataCache: FDerivedDataBackendGraph:  Pak pak cache file ../../../../../Unreal_Projects/Mech_Animation/DerivedDataCache/DDC.ddp not found, will not use a pak cache.
[2018.02.14-16.57.17:866][  0]LogDerivedDataCache: Unable to find inner node Pak for hierarchical cache Hierarchy.
[2018.02.14-16.57.17:866][  0]LogDerivedDataCache: FDerivedDataBackendGraph:  CompressedPak pak cache file ../../../../../Unreal_Projects/Mech_Animation/DerivedDataCache/Compressed.ddp not found, will not use a pak cache.
[2018.02.14-16.57.17:866][  0]LogDerivedDataCache: Unable to find inner node CompressedPak for hierarchical cache Hierarchy.
[2018.02.14-16.57.17:891][  0]LogDerivedDataCache: Display: Pak cache opened for reading ../../../Engine/DerivedDataCache/Compressed.ddp.
[2018.02.14-16.57.17:903][  0]LogDerivedDataCache: Using Local data cache path C:/Users/Jaybt/AppData/Local/UnrealEngine/Common/DerivedDataCache: Writable
[2018.02.14-16.57.17:919][  0]LogMaterial: Verifying Global Shaders for PCD3D_SM5
[2018.02.14-16.57.17:920][  0]LogSlate: Using Freetype 2.6.0
[2018.02.14-16.57.17:920][  0]LogSlate: SlateFontCache - WITH_FREETYPE: 1, WITH_HARFBUZZ: 1
[2018.02.14-16.57.17:921][  0]LogSlate: SlateFontCache - WITH_FREETYPE: 1, WITH_HARFBUZZ: 1
[2018.02.14-16.57.18:463][  0]LogInit: Selected Device Profile: [Windows]
[2018.02.14-16.57.18:853][  0]LogSimplygon: Simplygon DLL not present - disabling.
[2018.02.14-16.57.18:893][  0]LogMeshReduction: Using SimplygonSwarm for distributed automatic mesh merging
[2018.02.14-16.57.18:893][  0]LogMeshReduction: Using QuadricMeshReduction for automatic static mesh reduction
[2018.02.14-16.57.18:893][  0]LogMeshReduction: No automatic skeletal mesh reduction module available
[2018.02.14-16.57.18:893][  0]LogMeshReduction: No automatic mesh merging module available
[2018.02.14-16.57.18:893][  0]LogMeshMerging: No automatic mesh merging module available
[2018.02.14-16.57.18:925][  0]LogNetVersion: Mech_Animation , NetCL: 3709383, EngineNetVer: 2, GameNetVer: 0 (Checksum: 2450302668)
[2018.02.14-16.57.19:148][  0]LogAssetRegistry: FAssetRegistry took 0.0270 seconds to start up
[2018.02.14-16.57.19:821][  0]LogPackageLocalizationCache: Processed 7 localized package path(s) for 2 prioritized culture(s) in 0.055423 seconds
[2018.02.14-16.57.19:827][  0]LogUObjectArray: 35870 objects as part of root set at end of initial load.
[2018.02.14-16.57.19:827][  0]LogUObjectAllocator: 7363696 out of 0 bytes used by permanent object pool.
[2018.02.14-16.57.19:827][  0]LogUObjectArray: CloseDisregardForGC: 0/0 objects in disregard for GC pool
[2018.02.14-16.57.19:867][  0]LogInit: WinSock: version 1.1 (2.2), MaxSocks=32767, MaxUdp=65467
[2018.02.14-16.57.22:669][  0]LogTcpMessaging: Initializing TcpMessaging bridge
[2018.02.14-16.57.22:706][  0]LogUdpMessaging: Initializing bridge on interface 0.0.0.0:0 to multicast group 230.0.0.1:6666.
[2018.02.14-16.57.23:266][  0]LogMaterial: Uniform references updated for custom material expression Custom.
[2018.02.14-16.57.23:707][  0]SourceControl: Source control is disabled
[2018.02.14-16.57.23:707][  0]SourceControl: Source control is disabled
[2018.02.14-16.57.23:756][  0]SourceControl: Source control is disabled
[2018.02.14-16.57.23:800][  0]SourceControl: Source control is disabled
[2018.02.14-16.57.24:549][  0]LogAndroidPermission: UAndroidPermissionCallbackProxy::GetInstance
[2018.02.14-16.57.24:805][  0]LogOcInput: OculusInput pre-init called
[2018.02.14-16.57.25:145][  0]LogEngine: Initializing Engine...
[2018.02.14-16.57.25:151][  0]LogHMD: Failed to initialize OpenVR with code 110
[2018.02.14-16.57.25:448][  0]LogStats: UGameplayTagsManager::ConstructGameplayTagTree: Construct from data asset -  0.000 s
[2018.02.14-16.57.25:448][  0]LogStats: UGameplayTagsManager::ConstructGameplayTagTree: GameplayTagTreeChangedEvent.Broadcast -  0.000 s
[2018.02.14-16.57.25:573][  0]LogAIModule: Creating AISystem for world Untitled
[2018.02.14-16.57.25:587][  0]LogInit: XAudio2 using 'Speakers (2- Plantronics GameCom 780)' : 2 channels at 48 kHz using 16 bits per sample (channel mask 0x3)
[2018.02.14-16.57.25:601][  0]LogInit: FAudioDevice initialized.
[2018.02.14-16.57.25:693][  0]LogDerivedDataCache: Saved boot cache 0.09s 78MB C:/Users/Jaybt/AppData/Local/UnrealEngine/4.18/DerivedDataCache/Boot.ddc.
[2018.02.14-16.57.25:724][  0]LogInit: Texture streaming: Enabled
[2018.02.14-16.57.25:804][  0]LogEngineSessionManager: EngineSessionManager initialized
[2018.02.14-16.57.25:912][  0]LogInit: Transaction tracking system initialized
[2018.02.14-16.57.26:166][  0]BlueprintLog: New page: Editor Load
[2018.02.14-16.57.27:033][  0]LocalizationService: Localization service is disabled
[2018.02.14-16.57.27:694][  0]LogConsoleResponse: Display: 
[2018.02.14-16.57.27:873][  0]LogCook: Display: Max memory allowance for cook 16384mb min free memory 0mb
[2018.02.14-16.57.27:873][  0]LogCook: Display: Mobile HDR setting 1
[2018.02.14-16.57.27:873][  0]LogGameplayTags: Display: UGameplayTagsManager::DoneAddingNativeTags. DelegateIsBound: 0
[2018.02.14-16.57.28:926][  0]LogFileCache: Scanning file cache for directory 'F:/Unreal_Projects/Mech_Animation/Content/' took 0.01s
[2018.02.14-16.57.28:966][  0]SourceControl: Source control is disabled
[2018.02.14-16.57.29:077][  0]LogWindowsTextInputMethodSystem: Display: IME system now deactivated.
[2018.02.14-16.57.29:078][  0]LogSlate: Took 0.000238 seconds to synchronously load lazily loaded font '../../../Engine/Content/Slate/Fonts/Roboto-Regular.ttf' (155K)
[2018.02.14-16.58.24:305][  0]LogWindowsTextInputMethodSystem: Display: IME system now deactivated.
[2018.02.14-16.58.24:307][  0]LogWindowsTextInputMethodSystem: Display: IME system now deactivated.
[2018.02.14-16.58.27:761][  0]LogWindowsTextInputMethodSystem: Display: IME system now deactivated.
[2018.02.14-16.58.27:763][  0]LogWindowsTextInputMethodSystem: Display: IME system now deactivated.
[2018.02.14-16.58.27:977][  0]Cmd: MAP LOAD FILE="../../../../../Unreal_Projects/Mech_Animation/Content/ThirdPersonBP/Maps/ThirdPersonExampleMap.umap" TEMPLATE=0 SHOWPROGRESS=1 FEATURELEVEL=3
[2018.02.14-16.58.27:977][  0]LightingResults: New page: Lighting Build
[2018.02.14-16.58.28:033][  0]MapCheck: New page: Map Check
[2018.02.14-16.58.28:033][  0]LightingResults: New page: Lighting Build
[2018.02.14-16.58.28:343][  0]LogBlueprint: Warning: [Compiler mechAnim] Get : 'TargetPosition' variable not found. Base class was probably changed. /Game/ThirdPersonBP/Blueprints/mechAnim.mechAnim
[2018.02.14-16.58.28:350][  0]LogBlueprint: Warning: [Compiler mechAnim] Could not find a variable named "TargetPosition" in 'ThirdPersonCharacter_C'.
Make sure 'ThirdPersonCharacter_C' has been compiled for  Get TargetPosition
[2018.02.14-16.58.28:354][  0]LogBlueprint: Warning: [Compiler mechAnim] Could not find a variable named "TargetPosition" in 'ThirdPersonCharacter_C'.
Make sure 'ThirdPersonCharacter_C' has been compiled for  Get TargetPosition
[2018.02.14-16.58.28:361][  0]LogBlueprint: Error: [Compiler mechAnim] The property associated with  Target Position  could not be found
[2018.02.14-16.58.28:367][  0]LogBlueprint: Warning: [Compiler mechAnim] [0078.14] Compile of mechAnim failed. 1 Fatal Issue(s) 3 Warning(s) [in 28 ms] (/Game/ThirdPersonBP/Blueprints/mechAnim.mechAnim)
[2018.02.14-16.58.29:189][  0]LogAIModule: Creating AISystem for world ThirdPersonExampleMap
[2018.02.14-16.58.29:202][  0]LogEditorServer: Finished looking for orphan Actors (0.000 secs)
[2018.02.14-16.58.29:258][  0]Cmd: MAP CHECKDEP NOCLEARLOG
[2018.02.14-16.58.29:315][  0]MapCheck: Map check complete: 0 Error(s), 0 Warning(s), took 56.772ms to complete.
[2018.02.14-16.58.29:315][  0]LogFileHelpers: Loading map 'ThirdPersonExampleMap' took 1.338
[2018.02.14-16.58.29:501][  0]LogStats: Warning: MetaData mismatch. Did you assign a stat to two groups? New //STATGROUP_Threads//SplashScreenThread///Thread_2700_0///####STATCAT_Advanced#### old //STATGROUP_Threads//SplashScreenThread///Thread_33f4_0///####STATCAT_Advanced####
[2018.02.14-16.58.29:502][  0]LogCollectionManager: Loaded 0 collections in 0.001481 seconds
[2018.02.14-16.58.29:595][  0]LogFileCache: Scanning file cache for directory 'F:/Unreal_Projects/Mech_Animation/Saved/Collections/' took 0.01s
[2018.02.14-16.58.29:595][  0]LogFileCache: Scanning file cache for directory 'F:/Unreal_Projects/Mech_Animation/Content/Developers/Jaybt/Collections/' took 0.01s
[2018.02.14-16.58.29:595][  0]LogFileCache: Scanning file cache for directory 'F:/Unreal_Projects/Mech_Animation/Content/Collections/' took 0.01s
[2018.02.14-16.58.29:595][  0]LogCollectionManager: Rebuilt the GUID cache for 0 collections in 0.000000 seconds
[2018.02.14-16.58.29:610][  0]LogContentBrowser: Native class hierarchy populated in 0.0143 seconds. Added 2363 classes and 519 folders.
[2018.02.14-16.58.29:673][  0]LogContentBrowser: Native class hierarchy updated for 'WidgetCarousel' in 0.0003 seconds. Added 0 classes and 0 folders.
[2018.02.14-16.58.30:688][  0]LogContentBrowser: Native class hierarchy updated for 'AddContentDialog' in 0.0003 seconds. Added 0 classes and 0 folders.
[2018.02.14-16.58.30:759][  0]LogContentBrowser: Native class hierarchy updated for 'SceneOutliner' in 0.0005 seconds. Added 1 classes and 2 folders.
[2018.02.14-16.58.30:797][  0]LogSlate: Took 0.000248 seconds to synchronously load lazily loaded font '../../../Engine/Content/Slate/Fonts/Roboto-Bold.ttf' (160K)
[2018.02.14-16.58.30:815][  0]LogSlate: Took 0.011875 seconds to synchronously load lazily loaded font '../../../Engine/Content/Editor/Slate/Fonts/FontAwesome.ttf' (139K)
[2018.02.14-16.58.31:117][  0]LogRenderer: Reallocating scene render targets to support 1208x576 Format 10 NumSamples 1 (Frame:1).
[2018.02.14-16.58.31:443][  0]LogContentBrowser: Native class hierarchy updated for 'HierarchicalLODOutliner' in 0.0004 seconds. Added 1 classes and 2 folders.
[2018.02.14-16.58.31:443][  0]LogLoad: (Engine Initialization) Total time: 81.22 seconds
[2018.02.14-16.58.31:443][  0]LogLoad: (Engine Initialization) Total Blueprint compile time: 0.00 seconds
[2018.02.14-16.58.31:443][  0]LogExternalProfiler: No external profilers were discovered.  External profiling features will not be available.
[2018.02.14-16.58.31:803][  0]LogContentStreaming: Texture pool size now 1000 MB
[2018.02.14-16.58.31:877][  0]LogSlate: Took 0.012949 seconds to synchronously load lazily loaded font '../../../Engine/Content/Slate/Fonts/Roboto-Light.ttf' (159K)
[2018.02.14-16.58.32:137][  1]LogAssetRegistry: Asset discovery search completed in 73.0100 seconds
[2018.02.14-16.58.32:139][  1]LogCollectionManager: Rebuilt the object cache for 0 collections in 0.000000 seconds (found 0 objects)
[2018.02.14-16.58.32:139][  1]LogCollectionManager: Fixed up redirectors for 0 collections in 0.000056 seconds (updated 0 objects)
[2018.02.14-16.58.32:787][  3]LogSlate: Took 0.000390 seconds to synchronously load lazily loaded font '../../../Engine/Content/Slate/Fonts/Roboto-Light.ttf' (159K)
[2018.02.14-16.58.42:741][308]LogTemp: Repeating last play command: Selected Viewport
[2018.02.14-16.58.42:801][308]LogBlueprintUserMessages: Early PlayInEditor Detection: Level '/Game/ThirdPersonBP/Maps/ThirdPersonExampleMap.ThirdPersonExampleMap:PersistentLevel' has LevelScriptBlueprint '/Game/ThirdPersonBP/Maps/ThirdPersonExampleMap.ThirdPersonExampleMap:PersistentLevel.ThirdPersonExampleMap' with GeneratedClass '/Game/ThirdPersonBP/Maps/ThirdPersonExampleMap.ThirdPersonExampleMap_C' with ClassGeneratedBy '/Game/ThirdPersonBP/Maps/ThirdPersonExampleMap.ThirdPersonExampleMap:PersistentLevel.ThirdPersonExampleMap'
[2018.02.14-16.58.42:801][308]LogPlayLevel: PlayLevel: No blueprints needed recompiling
[2018.02.14-16.58.45:557][308]PIE: New page: PIE session: ThirdPersonExampleMap (14 Feb 2018 16:58:45)
[2018.02.14-16.58.45:557][308]LogPlayLevel: Creating play world package: /Game/ThirdPersonBP/Maps/UEDPIE_0_ThirdPersonExampleMap
[2018.02.14-16.58.45:595][308]LogPlayLevel: PIE: StaticDuplicateObject took: (0.038366s)
[2018.02.14-16.58.45:596][308]LogAIModule: Creating AISystem for world ThirdPersonExampleMap
[2018.02.14-16.58.45:597][308]LogPlayLevel: PIE: World Init took: (0.001099s)
[2018.02.14-16.58.45:597][308]LogPlayLevel: PIE: Created PIE world by copying editor world from /Game/ThirdPersonBP/Maps/ThirdPersonExampleMap.ThirdPersonExampleMap to /Game/ThirdPersonBP/Maps/UEDPIE_0_ThirdPersonExampleMap.ThirdPersonExampleMap (0.039876s)
[2018.02.14-16.58.45:652][308]LogInit: XAudio2 using 'Speakers (2- Plantronics GameCom 780)' : 2 channels at 48 kHz using 16 bits per sample (channel mask 0x3)
[2018.02.14-16.58.45:660][308]LogInit: FAudioDevice initialized.
[2018.02.14-16.58.45:717][308]LogLoad: Game class is 'ThirdPersonGameMode_C'
[2018.02.14-16.58.45:722][308]LogWorld: Bringing World /Game/ThirdPersonBP/Maps/UEDPIE_0_ThirdPersonExampleMap.ThirdPersonExampleMap up for play (max tick rate 0) at 2018.02.14-16.58.45
[2018.02.14-16.58.45:722][308]LogWorld: Bringing up level for play took: 0.002007
[2018.02.14-16.58.45:763][308]LogContentBrowser: Native class hierarchy updated for 'MovieSceneCapture' in 0.0006 seconds. Added 11 classes and 0 folders.
[2018.02.14-16.58.45:763][308]PIE: Play in editor start time for /Game/ThirdPersonBP/Maps/UEDPIE_0_ThirdPersonExampleMap 2.684
[2018.02.14-16.58.45:764][308]LogBlueprintUserMessages: Late PlayInEditor Detection: Level '/Game/ThirdPersonBP/Maps/ThirdPersonExampleMap.ThirdPersonExampleMap:PersistentLevel' has LevelScriptBlueprint '/Game/ThirdPersonBP/Maps/ThirdPersonExampleMap.ThirdPersonExampleMap:PersistentLevel.ThirdPersonExampleMap' with GeneratedClass '/Game/ThirdPersonBP/Maps/ThirdPersonExampleMap.ThirdPersonExampleMap_C' with ClassGeneratedBy '/Game/ThirdPersonBP/Maps/ThirdPersonExampleMap.ThirdPersonExampleMap:PersistentLevel.ThirdPersonExampleMap'
[2018.02.14-16.58.48:298][587]LogBlueprintUserMessages: Early EndPlayMap Detection: Level '/Game/ThirdPersonBP/Maps/ThirdPersonExampleMap.ThirdPersonExampleMap:PersistentLevel' has LevelScriptBlueprint '/Game/ThirdPersonBP/Maps/ThirdPersonExampleMap.ThirdPersonExampleMap:PersistentLevel.ThirdPersonExampleMap' with GeneratedClass '/Game/ThirdPersonBP/Maps/ThirdPersonExampleMap.ThirdPersonExampleMap_C' with ClassGeneratedBy '/Game/ThirdPersonBP/Maps/ThirdPersonExampleMap.ThirdPersonExampleMap:PersistentLevel.ThirdPersonExampleMap'
[2018.02.14-16.58.48:335][587]LogBlueprintUserMessages: Late EndPlayMap Detection: Level '/Game/ThirdPersonBP/Maps/ThirdPersonExampleMap.ThirdPersonExampleMap:PersistentLevel' has LevelScriptBlueprint '/Game/ThirdPersonBP/Maps/ThirdPersonExampleMap.ThirdPersonExampleMap:PersistentLevel.ThirdPersonExampleMap' with GeneratedClass '/Game/ThirdPersonBP/Maps/ThirdPersonExampleMap.ThirdPersonExampleMap_C' with ClassGeneratedBy '/Game/ThirdPersonBP/Maps/ThirdPersonExampleMap.ThirdPersonExampleMap:PersistentLevel.ThirdPersonExampleMap'
[2018.02.14-16.58.49:791][713]LogSlate: Took 0.000252 seconds to synchronously load lazily loaded font '../../../Engine/Content/Slate/Fonts/Roboto-Light.ttf' (159K)
[2018.02.14-16.58.49:910][713]LogContentBrowser: Native class hierarchy updated for 'SkeletonEditor' in 0.0003 seconds. Added 1 classes and 2 folders.
[2018.02.14-16.58.50:471][713]LogSlate: Took 0.000285 seconds to synchronously load lazily loaded font '../../../Engine/Content/Slate/Fonts/Roboto-Regular.ttf' (155K)
[2018.02.14-16.58.50:525][713]LogActorComponent: RegisterComponentWithWorld: (/Engine/Transient.World_3:PersistentLevel.Actor_0.DebugSkelMeshComponent_0) Already registered. Aborting.
[2018.02.14-16.58.51:045][713]LogContentBrowser: Native class hierarchy updated for 'BlueprintGraph' in 0.0008 seconds. Added 116 classes and 0 folders.
[2018.02.14-16.58.51:956][713]LogSkeletalMesh: USkeletalMeshComponent::InitArticulated : Bodies already created (/Engine/Transient.World_3:PersistentLevel.Actor_0.DebugSkelMeshComponent_0) - call TermArticulated first.
[2018.02.14-16.58.52:395][713]LogSlate: Took 0.011511 seconds to synchronously load lazily loaded font '../../../Engine/Content/Editor/Slate/Fonts/Roboto-BoldCondensed.ttf' (158K)
[2018.02.14-16.58.52:712][713]LogContentBrowser: Native class hierarchy updated for 'ClothingSystemEditorInterface' in 0.0003 seconds. Added 1 classes and 0 folders.
[2018.02.14-16.58.52:863][714]LogSlate: Took 0.007347 seconds to synchronously load lazily loaded font '../../../Engine/Content/Editor/Slate/Fonts/Roboto-Italic.ttf' (157K)
[2018.02.14-16.58.57:340][128]BlueprintLog: New page: Compile mechAnim
[2018.02.14-16.58.57:358][128]LogBlueprint: Warning: [Compiler mechAnim] Could not find a variable named "TargetPosition" in 'ThirdPersonCharacter_C'.
Make sure 'ThirdPersonCharacter_C' has been compiled for  Get TargetPosition
[2018.02.14-16.58.57:360][128]LogBlueprint: Warning: [Compiler mechAnim] Could not find a variable named "TargetPosition" in 'ThirdPersonCharacter_C'.
Make sure 'ThirdPersonCharacter_C' has been compiled for  Get TargetPosition
[2018.02.14-16.58.57:363][128]LogBlueprint: Error: [Compiler mechAnim] The property associated with  Target Position  could not be found
[2018.02.14-16.58.57:545][128]LogBlueprint: Warning: [Compiler mechAnim] [0107.32] Compile of mechAnim failed. 1 Fatal Issue(s) 2 Warning(s) [in 204 ms] (/Game/ThirdPersonBP/Blueprints/mechAnim.mechAnim)
[2018.02.14-16.59.24:930][506]BlueprintLog: New page: Compile mechAnim
[2018.02.14-16.59.34:765][235]BlueprintLog: New page: Compile mechAnim
[2018.02.14-16.59.43:312][963]BlueprintLog: New page: Compile mechAnim
[2018.02.14-16.59.46:578][270]LogTemp: Repeating last play command: Selected Viewport
[2018.02.14-16.59.46:594][270]LogBlueprintUserMessages: Early PlayInEditor Detection: Level '/Game/ThirdPersonBP/Maps/ThirdPersonExampleMap.ThirdPersonExampleMap:PersistentLevel' has LevelScriptBlueprint '/Game/ThirdPersonBP/Maps/ThirdPersonExampleMap.ThirdPersonExampleMap:PersistentLevel.ThirdPersonExampleMap' with GeneratedClass '/Game/ThirdPersonBP/Maps/ThirdPersonExampleMap.ThirdPersonExampleMap_C' with ClassGeneratedBy '/Game/ThirdPersonBP/Maps/ThirdPersonExampleMap.ThirdPersonExampleMap:PersistentLevel.ThirdPersonExampleMap'
[2018.02.14-16.59.46:594][270]LogPlayLevel: PlayLevel: No blueprints needed recompiling
[2018.02.14-16.59.46:595][270]PIE: New page: PIE session: ThirdPersonExampleMap (14 Feb 2018 16:59:46)
[2018.02.14-16.59.46:595][270]LogPlayLevel: Creating play world package: /Game/ThirdPersonBP/Maps/UEDPIE_0_ThirdPersonExampleMap
[2018.02.14-16.59.46:619][270]LogPlayLevel: PIE: StaticDuplicateObject took: (0.024595s)
[2018.02.14-16.59.46:620][270]LogAIModule: Creating AISystem for world ThirdPersonExampleMap
[2018.02.14-16.59.46:620][270]LogPlayLevel: PIE: World Init took: (0.001114s)
[2018.02.14-16.59.46:621][270]LogPlayLevel: PIE: Created PIE world by copying editor world from /Game/ThirdPersonBP/Maps/ThirdPersonExampleMap.ThirdPersonExampleMap to /Game/ThirdPersonBP/Maps/UEDPIE_0_ThirdPersonExampleMap.ThirdPersonExampleMap (0.026050s)
[2018.02.14-16.59.46:700][270]LogInit: XAudio2 using 'Speakers (2- Plantronics GameCom 780)' : 2 channels at 48 kHz using 16 bits per sample (channel mask 0x3)
[2018.02.14-16.59.46:708][270]LogInit: FAudioDevice initialized.
[2018.02.14-16.59.46:745][270]LogLoad: Game class is 'ThirdPersonGameMode_C'
[2018.02.14-16.59.46:749][270]LogWorld: Bringing World /Game/ThirdPersonBP/Maps/UEDPIE_0_ThirdPersonExampleMap.ThirdPersonExampleMap up for play (max tick rate 0) at 2018.02.14-16.59.46
[2018.02.14-16.59.46:749][270]LogWorld: Bringing up level for play took: 0.003482
[2018.02.14-16.59.46:751][270]PIE: Play in editor start time for /Game/ThirdPersonBP/Maps/UEDPIE_0_ThirdPersonExampleMap -0.328
[2018.02.14-16.59.46:752][270]LogBlueprintUserMessages: Late PlayInEditor Detection: Level '/Game/ThirdPersonBP/Maps/ThirdPersonExampleMap.ThirdPersonExampleMap:PersistentLevel' has LevelScriptBlueprint '/Game/ThirdPersonBP/Maps/ThirdPersonExampleMap.ThirdPersonExampleMap:PersistentLevel.ThirdPersonExampleMap' with GeneratedClass '/Game/ThirdPersonBP/Maps/ThirdPersonExampleMap.ThirdPersonExampleMap_C' with ClassGeneratedBy '/Game/ThirdPersonBP/Maps/ThirdPersonExampleMap.ThirdPersonExampleMap:PersistentLevel.ThirdPersonExampleMap'
[2018.02.14-16.59.53:673][ 94]LogBlueprintUserMessages: Early EndPlayMap Detection: Level '/Game/ThirdPersonBP/Maps/ThirdPersonExampleMap.ThirdPersonExampleMap:PersistentLevel' has LevelScriptBlueprint '/Game/ThirdPersonBP/Maps/ThirdPersonExampleMap.ThirdPersonExampleMap:PersistentLevel.ThirdPersonExampleMap' with GeneratedClass '/Game/ThirdPersonBP/Maps/ThirdPersonExampleMap.ThirdPersonExampleMap_C' with ClassGeneratedBy '/Game/ThirdPersonBP/Maps/ThirdPersonExampleMap.ThirdPersonExampleMap:PersistentLevel.ThirdPersonExampleMap'
[2018.02.14-16.59.53:712][ 94]LogBlueprintUserMessages: Late EndPlayMap Detection: Level '/Game/ThirdPersonBP/Maps/ThirdPersonExampleMap.ThirdPersonExampleMap:PersistentLevel' has LevelScriptBlueprint '/Game/ThirdPersonBP/Maps/ThirdPersonExampleMap.ThirdPersonExampleMap:PersistentLevel.ThirdPersonExampleMap' with GeneratedClass '/Game/ThirdPersonBP/Maps/ThirdPersonExampleMap.ThirdPersonExampleMap_C' with ClassGeneratedBy '/Game/ThirdPersonBP/Maps/ThirdPersonExampleMap.ThirdPersonExampleMap:PersistentLevel.ThirdPersonExampleMap'
[2018.02.14-17.07.26:206][ 13]BlueprintLog: New page: Compile mechAnim
[2018.02.14-17.07.26:226][ 13]LogBlueprint: Error: [Compiler mechAnim] This blueprint (self) is not a PlayerController, therefore ' Target ' must have a connection.
[2018.02.14-17.07.26:430][ 13]LogBlueprint: Warning: [Compiler mechAnim] [0616.20] Compile of mechAnim failed. 1 Fatal Issue(s) 0 Warning(s) [in 224 ms] (/Game/ThirdPersonBP/Blueprints/mechAnim.mechAnim)
[2018.02.14-17.07.40:727][973]BlueprintLog: New page: Compile mechAnim
[2018.02.14-17.07.40:753][973]LogScript: Warning: Accessed None trying to read property CallFunc_GetPlayerController_ReturnValue
	mechAnim_C /Game/ThirdPersonBP/Maps/ThirdPersonExampleMap.ThirdPersonExampleMap:PersistentLevel.ThirdPersonCharacter_167.CharacterMesh0.mechAnim_C_0
	Function /Game/ThirdPersonBP/Blueprints/mechAnim.mechAnim_C:ExecuteUbergraph_mechAnim:0126
[2018.02.14-17.07.40:753][973]LogScript: Warning: Accessed None trying to read property CallFunc_GetPlayerController_ReturnValue
	mechAnim_C /Game/ThirdPersonBP/Maps/ThirdPersonExampleMap.ThirdPersonExampleMap:PersistentLevel.ThirdPersonCharacter_167.CharacterMesh0.mechAnim_C_0
	Function /Game/ThirdPersonBP/Blueprints/mechAnim.mechAnim_C:ExecuteUbergraph_mechAnim:0200
[2018.02.14-17.07.40:753][973]LogScript: Warning: Accessed None trying to read property CallFunc_GetPlayerController_ReturnValue
	mechAnim_C /Engine/Transient.World_0:PersistentLevel.ThirdPersonCharacter_C_0.CharacterMesh0.mechAnim_C_0
	Function /Game/ThirdPersonBP/Blueprints/mechAnim.mechAnim_C:ExecuteUbergraph_mechAnim:0126
[2018.02.14-17.07.40:753][973]LogScript: Warning: Accessed None trying to read property CallFunc_GetPlayerController_ReturnValue
	mechAnim_C /Engine/Transient.World_0:PersistentLevel.ThirdPersonCharacter_C_0.CharacterMesh0.mechAnim_C_0
	Function /Game/ThirdPersonBP/Blueprints/mechAnim.mechAnim_C:ExecuteUbergraph_mechAnim:0200
[2018.02.14-17.08.21:993][669]BlueprintLog: New page: Compile mechAnim
[2018.02.14-17.08.22:022][669]LogScript: Warning: Accessed None trying to read property CallFunc_GetPlayerController_ReturnValue
	mechAnim_C /Game/ThirdPersonBP/Maps/ThirdPersonExampleMap.ThirdPersonExampleMap:PersistentLevel.ThirdPersonCharacter_167.CharacterMesh0.mechAnim_C_1
	Function /Game/ThirdPersonBP/Blueprints/mechAnim.mechAnim_C:ExecuteUbergraph_mechAnim:0192
[2018.02.14-17.08.22:022][669]LogScript: Warning: Accessed None trying to read property CallFunc_GetPlayerController_ReturnValue
	mechAnim_C /Game/ThirdPersonBP/Maps/ThirdPersonExampleMap.ThirdPersonExampleMap:PersistentLevel.ThirdPersonCharacter_167.CharacterMesh0.mechAnim_C_1
	Function /Game/ThirdPersonBP/Blueprints/mechAnim.mechAnim_C:ExecuteUbergraph_mechAnim:026C
[2018.02.14-17.08.22:022][669]LogScript: Warning: Accessed None trying to read property CallFunc_GetPlayerController_ReturnValue
	mechAnim_C /Engine/Transient.World_0:PersistentLevel.ThirdPersonCharacter_C_0.CharacterMesh0.mechAnim_C_1
	Function /Game/ThirdPersonBP/Blueprints/mechAnim.mechAnim_C:ExecuteUbergraph_mechAnim:0192
[2018.02.14-17.08.22:022][669]LogScript: Warning: Accessed None trying to read property CallFunc_GetPlayerController_ReturnValue
	mechAnim_C /Engine/Transient.World_0:PersistentLevel.ThirdPersonCharacter_C_0.CharacterMesh0.mechAnim_C_1
	Function /Game/ThirdPersonBP/Blueprints/mechAnim.mechAnim_C:ExecuteUbergraph_mechAnim:026C
[2018.02.14-17.08.33:393][674]LogTemp: Repeating last play command: Selected Viewport
[2018.02.14-17.08.33:410][674]LogBlueprintUserMessages: Early PlayInEditor Detection: Level '/Game/ThirdPersonBP/Maps/ThirdPersonExampleMap.ThirdPersonExampleMap:PersistentLevel' has LevelScriptBlueprint '/Game/ThirdPersonBP/Maps/ThirdPersonExampleMap.ThirdPersonExampleMap:PersistentLevel.ThirdPersonExampleMap' with GeneratedClass '/Game/ThirdPersonBP/Maps/ThirdPersonExampleMap.ThirdPersonExampleMap_C' with ClassGeneratedBy '/Game/ThirdPersonBP/Maps/ThirdPersonExampleMap.ThirdPersonExampleMap:PersistentLevel.ThirdPersonExampleMap'
[2018.02.14-17.08.33:410][674]LogPlayLevel: PlayLevel: No blueprints needed recompiling
[2018.02.14-17.08.33:410][674]PIE: New page: PIE session: ThirdPersonExampleMap (14 Feb 2018 17:08:33)
[2018.02.14-17.08.33:410][674]LogPlayLevel: Creating play world package: /Game/ThirdPersonBP/Maps/UEDPIE_0_ThirdPersonExampleMap
[2018.02.14-17.08.33:435][674]LogPlayLevel: PIE: StaticDuplicateObject took: (0.024869s)
[2018.02.14-17.08.33:436][674]LogAIModule: Creating AISystem for world ThirdPersonExampleMap
[2018.02.14-17.08.33:436][674]LogPlayLevel: PIE: World Init took: (0.001159s)
[2018.02.14-17.08.33:436][674]LogPlayLevel: PIE: Created PIE world by copying editor world from /Game/ThirdPersonBP/Maps/ThirdPersonExampleMap.ThirdPersonExampleMap to /Game/ThirdPersonBP/Maps/UEDPIE_0_ThirdPersonExampleMap.ThirdPersonExampleMap (0.026422s)
[2018.02.14-17.08.33:514][674]LogInit: XAudio2 using 'Speakers (2- Plantronics GameCom 780)' : 2 channels at 48 kHz using 16 bits per sample (channel mask 0x3)
[2018.02.14-17.08.33:524][674]LogInit: FAudioDevice initialized.
[2018.02.14-17.08.33:558][674]LogLoad: Game class is 'ThirdPersonGameMode_C'
[2018.02.14-17.08.33:560][674]LogScript: Warning: Accessed None trying to read property CallFunc_GetPlayerController_ReturnValue
	mechAnim_C /Game/ThirdPersonBP/Maps/UEDPIE_0_ThirdPersonExampleMap.ThirdPersonExampleMap:PersistentLevel.ThirdPersonCharacter_167.CharacterMesh0.mechAnim_C_0
	Function /Game/ThirdPersonBP/Blueprints/mechAnim.mechAnim_C:ExecuteUbergraph_mechAnim:0192
[2018.02.14-17.08.33:561][674]PIE: Error: Blueprint Runtime Error: Accessed None trying to read property CallFunc_GetPlayerController_ReturnValue from function: 'ExecuteUbergraph_mechAnim' from node: LineTraceByChannel in graph: EventGraph in object: mechAnim with description: Accessed None trying to read property CallFunc_GetPlayerController_ReturnValue
[2018.02.14-17.08.33:561][674]LogScript: Warning: Accessed None trying to read property CallFunc_GetPlayerController_ReturnValue
	mechAnim_C /Game/ThirdPersonBP/Maps/UEDPIE_0_ThirdPersonExampleMap.ThirdPersonExampleMap:PersistentLevel.ThirdPersonCharacter_167.CharacterMesh0.mechAnim_C_0
	Function /Game/ThirdPersonBP/Blueprints/mechAnim.mechAnim_C:ExecuteUbergraph_mechAnim:026C
[2018.02.14-17.08.33:561][674]PIE: Error: Blueprint Runtime Error: Accessed None trying to read property CallFunc_GetPlayerController_ReturnValue from function: 'ExecuteUbergraph_mechAnim' from node: LineTraceByChannel in graph: EventGraph in object: mechAnim with description: Accessed None trying to read property CallFunc_GetPlayerController_ReturnValue
[2018.02.14-17.08.33:562][674]LogWorld: Bringing World /Game/ThirdPersonBP/Maps/UEDPIE_0_ThirdPersonExampleMap.ThirdPersonExampleMap up for play (max tick rate 0) at 2018.02.14-17.08.33
[2018.02.14-17.08.33:562][674]LogWorld: Bringing up level for play took: 0.002910
[2018.02.14-17.08.33:564][674]PIE: Play in editor start time for /Game/ThirdPersonBP/Maps/UEDPIE_0_ThirdPersonExampleMap 0.484
[2018.02.14-17.08.33:564][674]LogBlueprintUserMessages: Late PlayInEditor Detection: Level '/Game/ThirdPersonBP/Maps/ThirdPersonExampleMap.ThirdPersonExampleMap:PersistentLevel' has LevelScriptBlueprint '/Game/ThirdPersonBP/Maps/ThirdPersonExampleMap.ThirdPersonExampleMap:PersistentLevel.ThirdPersonExampleMap' with GeneratedClass '/Game/ThirdPersonBP/Maps/ThirdPersonExampleMap.ThirdPersonExampleMap_C' with ClassGeneratedBy '/Game/ThirdPersonBP/Maps/ThirdPersonExampleMap.ThirdPersonExampleMap:PersistentLevel.ThirdPersonExampleMap'
[2018.02.14-17.09.22:384][516]LogBlueprintUserMessages: Early EndPlayMap Detection: Level '/Game/ThirdPersonBP/Maps/ThirdPersonExampleMap.ThirdPersonExampleMap:PersistentLevel' has LevelScriptBlueprint '/Game/ThirdPersonBP/Maps/ThirdPersonExampleMap.ThirdPersonExampleMap:PersistentLevel.ThirdPersonExampleMap' with GeneratedClass '/Game/ThirdPersonBP/Maps/ThirdPersonExampleMap.ThirdPersonExampleMap_C' with ClassGeneratedBy '/Game/ThirdPersonBP/Maps/ThirdPersonExampleMap.ThirdPersonExampleMap:PersistentLevel.ThirdPersonExampleMap'
[2018.02.14-17.09.22:423][516]LogBlueprintUserMessages: Late EndPlayMap Detection: Level '/Game/ThirdPersonBP/Maps/ThirdPersonExampleMap.ThirdPersonExampleMap:PersistentLevel' has LevelScriptBlueprint '/Game/ThirdPersonBP/Maps/ThirdPersonExampleMap.ThirdPersonExampleMap:PersistentLevel.ThirdPersonExampleMap' with GeneratedClass '/Game/ThirdPersonBP/Maps/ThirdPersonExampleMap.ThirdPersonExampleMap_C' with ClassGeneratedBy '/Game/ThirdPersonBP/Maps/ThirdPersonExampleMap.ThirdPersonExampleMap:PersistentLevel.ThirdPersonExampleMap'
[2018.02.14-17.10.38:971][227]BlueprintLog: New page: Compile mechAnim
[2018.02.14-17.10.39:000][227]LogScript: Warning: Accessed None trying to read property CallFunc_GetPlayerController_ReturnValue
	mechAnim_C /Game/ThirdPersonBP/Maps/ThirdPersonExampleMap.ThirdPersonExampleMap:PersistentLevel.ThirdPersonCharacter_167.CharacterMesh0.mechAnim_C_0
	Function /Game/ThirdPersonBP/Blueprints/mechAnim.mechAnim_C:ExecuteUbergraph_mechAnim:0192
[2018.02.14-17.10.39:000][227]LogScript: Warning: Accessed None trying to read property CallFunc_GetPlayerController_ReturnValue
	mechAnim_C /Game/ThirdPersonBP/Maps/ThirdPersonExampleMap.ThirdPersonExampleMap:PersistentLevel.ThirdPersonCharacter_167.CharacterMesh0.mechAnim_C_0
	Function /Game/ThirdPersonBP/Blueprints/mechAnim.mechAnim_C:ExecuteUbergraph_mechAnim:026C
[2018.02.14-17.10.39:000][227]LogScript: Warning: Accessed None trying to read property CallFunc_GetPlayerController_ReturnValue
	mechAnim_C /Engine/Transient.World_0:PersistentLevel.ThirdPersonCharacter_C_0.CharacterMesh0.mechAnim_C_0
	Function /Game/ThirdPersonBP/Blueprints/mechAnim.mechAnim_C:ExecuteUbergraph_mechAnim:0192
[2018.02.14-17.10.39:000][227]LogScript: Warning: Accessed None trying to read property CallFunc_GetPlayerController_ReturnValue
	mechAnim_C /Engine/Transient.World_0:PersistentLevel.ThirdPersonCharacter_C_0.CharacterMesh0.mechAnim_C_0
	Function /Game/ThirdPersonBP/Blueprints/mechAnim.mechAnim_C:ExecuteUbergraph_mechAnim:026C
[2018.02.14-17.10.43:989][723]LogTemp: Repeating last play command: Selected Viewport
[2018.02.14-17.10.44:005][723]LogBlueprintUserMessages: Early PlayInEditor Detection: Level '/Game/ThirdPersonBP/Maps/ThirdPersonExampleMap.ThirdPersonExampleMap:PersistentLevel' has LevelScriptBlueprint '/Game/ThirdPersonBP/Maps/ThirdPersonExampleMap.ThirdPersonExampleMap:PersistentLevel.ThirdPersonExampleMap' with GeneratedClass '/Game/ThirdPersonBP/Maps/ThirdPersonExampleMap.ThirdPersonExampleMap_C' with ClassGeneratedBy '/Game/ThirdPersonBP/Maps/ThirdPersonExampleMap.ThirdPersonExampleMap:PersistentLevel.ThirdPersonExampleMap'
[2018.02.14-17.10.44:005][723]LogPlayLevel: PlayLevel: No blueprints needed recompiling
[2018.02.14-17.10.44:005][723]PIE: New page: PIE session: ThirdPersonExampleMap (14 Feb 2018 17:10:44)
[2018.02.14-17.10.44:005][723]LogPlayLevel: Creating play world package: /Game/ThirdPersonBP/Maps/UEDPIE_0_ThirdPersonExampleMap
[2018.02.14-17.10.44:027][723]LogPlayLevel: PIE: StaticDuplicateObject took: (0.021776s)
[2018.02.14-17.10.44:028][723]LogAIModule: Creating AISystem for world ThirdPersonExampleMap
[2018.02.14-17.10.44:028][723]LogPlayLevel: PIE: World Init took: (0.000958s)
[2018.02.14-17.10.44:028][723]LogPlayLevel: PIE: Created PIE world by copying editor world from /Game/ThirdPersonBP/Maps/ThirdPersonExampleMap.ThirdPersonExampleMap to /Game/ThirdPersonBP/Maps/UEDPIE_0_ThirdPersonExampleMap.ThirdPersonExampleMap (0.023097s)
[2018.02.14-17.10.44:100][723]LogInit: XAudio2 using 'Speakers (2- Plantronics GameCom 780)' : 2 channels at 48 kHz using 16 bits per sample (channel mask 0x3)
[2018.02.14-17.10.44:109][723]LogInit: FAudioDevice initialized.
[2018.02.14-17.10.44:144][723]LogLoad: Game class is 'ThirdPersonGameMode_C'
[2018.02.14-17.10.44:147][723]LogScript: Warning: Accessed None trying to read property CallFunc_GetPlayerController_ReturnValue
	mechAnim_C /Game/ThirdPersonBP/Maps/UEDPIE_0_ThirdPersonExampleMap.ThirdPersonExampleMap:PersistentLevel.ThirdPersonCharacter_167.CharacterMesh0.mechAnim_C_0
	Function /Game/ThirdPersonBP/Blueprints/mechAnim.mechAnim_C:ExecuteUbergraph_mechAnim:0192
[2018.02.14-17.10.44:147][723]PIE: Error: Blueprint Runtime Error: Accessed None trying to read property CallFunc_GetPlayerController_ReturnValue from function: 'ExecuteUbergraph_mechAnim' from node: LineTraceByChannel in graph: EventGraph in object: mechAnim with description: Accessed None trying to read property CallFunc_GetPlayerController_ReturnValue
[2018.02.14-17.10.44:147][723]LogScript: Warning: Accessed None trying to read property CallFunc_GetPlayerController_ReturnValue
	mechAnim_C /Game/ThirdPersonBP/Maps/UEDPIE_0_ThirdPersonExampleMap.ThirdPersonExampleMap:PersistentLevel.ThirdPersonCharacter_167.CharacterMesh0.mechAnim_C_0
	Function /Game/ThirdPersonBP/Blueprints/mechAnim.mechAnim_C:ExecuteUbergraph_mechAnim:026C
[2018.02.14-17.10.44:148][723]PIE: Error: Blueprint Runtime Error: Accessed None trying to read property CallFunc_GetPlayerController_ReturnValue from function: 'ExecuteUbergraph_mechAnim' from node: LineTraceByChannel in graph: EventGraph in object: mechAnim with description: Accessed None trying to read property CallFunc_GetPlayerController_ReturnValue
[2018.02.14-17.10.44:149][723]LogWorld: Bringing World /Game/ThirdPersonBP/Maps/UEDPIE_0_ThirdPersonExampleMap.ThirdPersonExampleMap up for play (max tick rate 0) at 2018.02.14-17.10.44
[2018.02.14-17.10.44:150][723]LogWorld: Bringing up level for play took: 0.004288
[2018.02.14-17.10.44:151][723]PIE: Play in editor start time for /Game/ThirdPersonBP/Maps/UEDPIE_0_ThirdPersonExampleMap 1.072
[2018.02.14-17.10.44:152][723]LogBlueprintUserMessages: Late PlayInEditor Detection: Level '/Game/ThirdPersonBP/Maps/ThirdPersonExampleMap.ThirdPersonExampleMap:PersistentLevel' has LevelScriptBlueprint '/Game/ThirdPersonBP/Maps/ThirdPersonExampleMap.ThirdPersonExampleMap:PersistentLevel.ThirdPersonExampleMap' with GeneratedClass '/Game/ThirdPersonBP/Maps/ThirdPersonExampleMap.ThirdPersonExampleMap_C' with ClassGeneratedBy '/Game/ThirdPersonBP/Maps/ThirdPersonExampleMap.ThirdPersonExampleMap:PersistentLevel.ThirdPersonExampleMap'
[2018.02.14-17.11.41:049][544]LogBlueprintUserMessages: Early EndPlayMap Detection: Level '/Game/ThirdPersonBP/Maps/ThirdPersonExampleMap.ThirdPersonExampleMap:PersistentLevel' has LevelScriptBlueprint '/Game/ThirdPersonBP/Maps/ThirdPersonExampleMap.ThirdPersonExampleMap:PersistentLevel.ThirdPersonExampleMap' with GeneratedClass '/Game/ThirdPersonBP/Maps/ThirdPersonExampleMap.ThirdPersonExampleMap_C' with ClassGeneratedBy '/Game/ThirdPersonBP/Maps/ThirdPersonExampleMap.ThirdPersonExampleMap:PersistentLevel.ThirdPersonExampleMap'
[2018.02.14-17.11.41:089][544]LogBlueprintUserMessages: Late EndPlayMap Detection: Level '/Game/ThirdPersonBP/Maps/ThirdPersonExampleMap.ThirdPersonExampleMap:PersistentLevel' has LevelScriptBlueprint '/Game/ThirdPersonBP/Maps/ThirdPersonExampleMap.ThirdPersonExampleMap:PersistentLevel.ThirdPersonExampleMap' with GeneratedClass '/Game/ThirdPersonBP/Maps/ThirdPersonExampleMap.ThirdPersonExampleMap_C' with ClassGeneratedBy '/Game/ThirdPersonBP/Maps/ThirdPersonExampleMap.ThirdPersonExampleMap:PersistentLevel.ThirdPersonExampleMap'
[2018.02.14-17.12.02:901][474]BlueprintLog: New page: Compile mechAnim
[2018.02.14-17.12.02:931][474]LogScript: Warning: Accessed None trying to read property CallFunc_GetPlayerController_ReturnValue
	mechAnim_C /Game/ThirdPersonBP/Maps/ThirdPersonExampleMap.ThirdPersonExampleMap:PersistentLevel.ThirdPersonCharacter_167.CharacterMesh0.mechAnim_C_1
	Function /Game/ThirdPersonBP/Blueprints/mechAnim.mechAnim_C:ExecuteUbergraph_mechAnim:01B3
[2018.02.14-17.12.02:931][474]LogScript: Warning: Accessed None trying to read property CallFunc_GetPlayerController_ReturnValue
	mechAnim_C /Game/ThirdPersonBP/Maps/ThirdPersonExampleMap.ThirdPersonExampleMap:PersistentLevel.ThirdPersonCharacter_167.CharacterMesh0.mechAnim_C_1
	Function /Game/ThirdPersonBP/Blueprints/mechAnim.mechAnim_C:ExecuteUbergraph_mechAnim:028D
[2018.02.14-17.12.02:931][474]LogScript: Warning: Accessed None trying to read property CallFunc_GetPlayerController_ReturnValue
	mechAnim_C /Engine/Transient.World_0:PersistentLevel.ThirdPersonCharacter_C_0.CharacterMesh0.mechAnim_C_1
	Function /Game/ThirdPersonBP/Blueprints/mechAnim.mechAnim_C:ExecuteUbergraph_mechAnim:01B3
[2018.02.14-17.12.02:931][474]LogScript: Warning: Accessed None trying to read property CallFunc_GetPlayerController_ReturnValue
	mechAnim_C /Engine/Transient.World_0:PersistentLevel.ThirdPersonCharacter_C_0.CharacterMesh0.mechAnim_C_1
	Function /Game/ThirdPersonBP/Blueprints/mechAnim.mechAnim_C:ExecuteUbergraph_mechAnim:028D
[2018.02.14-17.12.05:248][675]LogTemp: Repeating last play command: Selected Viewport
[2018.02.14-17.12.05:264][675]LogBlueprintUserMessages: Early PlayInEditor Detection: Level '/Game/ThirdPersonBP/Maps/ThirdPersonExampleMap.ThirdPersonExampleMap:PersistentLevel' has LevelScriptBlueprint '/Game/ThirdPersonBP/Maps/ThirdPersonExampleMap.ThirdPersonExampleMap:PersistentLevel.ThirdPersonExampleMap' with GeneratedClass '/Game/ThirdPersonBP/Maps/ThirdPersonExampleMap.ThirdPersonExampleMap_C' with ClassGeneratedBy '/Game/ThirdPersonBP/Maps/ThirdPersonExampleMap.ThirdPersonExampleMap:PersistentLevel.ThirdPersonExampleMap'
[2018.02.14-17.12.05:264][675]LogPlayLevel: PlayLevel: No blueprints needed recompiling
[2018.02.14-17.12.05:265][675]PIE: New page: PIE session: ThirdPersonExampleMap (14 Feb 2018 17:12:05)
[2018.02.14-17.12.05:265][675]LogPlayLevel: Creating play world package: /Game/ThirdPersonBP/Maps/UEDPIE_0_ThirdPersonExampleMap
[2018.02.14-17.12.05:287][675]LogPlayLevel: PIE: StaticDuplicateObject took: (0.022381s)
[2018.02.14-17.12.05:288][675]LogAIModule: Creating AISystem for world ThirdPersonExampleMap
[2018.02.14-17.12.05:288][675]LogPlayLevel: PIE: World Init took: (0.000984s)
[2018.02.14-17.12.05:288][675]LogPlayLevel: PIE: Created PIE world by copying editor world from /Game/ThirdPersonBP/Maps/ThirdPersonExampleMap.ThirdPersonExampleMap to /Game/ThirdPersonBP/Maps/UEDPIE_0_ThirdPersonExampleMap.ThirdPersonExampleMap (0.023706s)
[2018.02.14-17.12.05:363][675]LogInit: XAudio2 using 'Speakers (2- Plantronics GameCom 780)' : 2 channels at 48 kHz using 16 bits per sample (channel mask 0x3)
[2018.02.14-17.12.05:371][675]LogInit: FAudioDevice initialized.
[2018.02.14-17.12.05:399][675]LogLoad: Game class is 'ThirdPersonGameMode_C'
[2018.02.14-17.12.05:401][675]LogScript: Warning: Accessed None trying to read property CallFunc_GetPlayerController_ReturnValue
	mechAnim_C /Game/ThirdPersonBP/Maps/UEDPIE_0_ThirdPersonExampleMap.ThirdPersonExampleMap:PersistentLevel.ThirdPersonCharacter_167.CharacterMesh0.mechAnim_C_0
	Function /Game/ThirdPersonBP/Blueprints/mechAnim.mechAnim_C:ExecuteUbergraph_mechAnim:01B3
[2018.02.14-17.12.05:401][675]PIE: Error: Blueprint Runtime Error: Accessed None trying to read property CallFunc_GetPlayerController_ReturnValue from function: 'ExecuteUbergraph_mechAnim' from node: LineTraceByChannel in graph: EventGraph in object: mechAnim with description: Accessed None trying to read property CallFunc_GetPlayerController_ReturnValue
[2018.02.14-17.12.05:401][675]LogScript: Warning: Accessed None trying to read property CallFunc_GetPlayerController_ReturnValue
	mechAnim_C /Game/ThirdPersonBP/Maps/UEDPIE_0_ThirdPersonExampleMap.ThirdPersonExampleMap:PersistentLevel.ThirdPersonCharacter_167.CharacterMesh0.mechAnim_C_0
	Function /Game/ThirdPersonBP/Blueprints/mechAnim.mechAnim_C:ExecuteUbergraph_mechAnim:028D
[2018.02.14-17.12.05:401][675]PIE: Error: Blueprint Runtime Error: Accessed None trying to read property CallFunc_GetPlayerController_ReturnValue from function: 'ExecuteUbergraph_mechAnim' from node: LineTraceByChannel in graph: EventGraph in object: mechAnim with description: Accessed None trying to read property CallFunc_GetPlayerController_ReturnValue
[2018.02.14-17.12.05:402][675]LogWorld: Bringing World /Game/ThirdPersonBP/Maps/UEDPIE_0_ThirdPersonExampleMap.ThirdPersonExampleMap up for play (max tick rate 0) at 2018.02.14-17.12.05
[2018.02.14-17.12.05:402][675]LogWorld: Bringing up level for play took: 0.002225
[2018.02.14-17.12.05:403][675]PIE: Play in editor start time for /Game/ThirdPersonBP/Maps/UEDPIE_0_ThirdPersonExampleMap 0.324
[2018.02.14-17.12.05:404][675]LogBlueprintUserMessages: Late PlayInEditor Detection: Level '/Game/ThirdPersonBP/Maps/ThirdPersonExampleMap.ThirdPersonExampleMap:PersistentLevel' has LevelScriptBlueprint '/Game/ThirdPersonBP/Maps/ThirdPersonExampleMap.ThirdPersonExampleMap:PersistentLevel.ThirdPersonExampleMap' with GeneratedClass '/Game/ThirdPersonBP/Maps/ThirdPersonExampleMap.ThirdPersonExampleMap_C' with ClassGeneratedBy '/Game/ThirdPersonBP/Maps/ThirdPersonExampleMap.ThirdPersonExampleMap:PersistentLevel.ThirdPersonExampleMap'
[2018.02.14-17.12.13:964][564]LogD3D11RHI: Timed out while waiting for GPU to catch up. (0.5 s)
[2018.02.14-17.12.15:005][565]LogD3D11RHI: Timed out while waiting for GPU to catch up. (0.5 s)
